2022-02-22T23:15:09.405Z WARN @wdio/utils:shim: You are running tests with @wdio/sync which will be discontinued starting Node.js v16.Read more on https://github.com/webdriverio/webdriverio/discussions/6702
2022-02-22T23:15:10.070Z INFO @wdio/local-runner: Run worker command: run
2022-02-22T23:15:10.299Z DEBUG @wdio/config:utils: Found '@babel/register' package, auto-compiling files with Babel
2022-02-22T23:15:11.052Z DEBUG @wdio/local-runner:utils: init remote session
2022-02-22T23:15:11.058Z DEBUG @wdio/utils:initialiseServices: initialise service "shared-store" as NPM package
2022-02-22T23:15:11.166Z DEBUG @wdio/sync: Finished to run "beforeSession" hook in 2ms
2022-02-22T23:15:11.647Z DEBUG @wdio/local-runner:utils: init remote session
2022-02-22T23:15:11.665Z INFO webdriver: Initiate new session using the WebDriver protocol
2022-02-22T23:15:11.682Z INFO webdriver: [POST] http://143.244.160.107:4445/wd/hub/session
2022-02-22T23:15:11.682Z INFO webdriver: DATA {
  capabilities: {
    alwaysMatch: {
      browserName: 'chrome',
      'goog:chromeOptions': [Object],
      'goog:loggingPrefs': [Object]
    },
    firstMatch: [ {} ]
  },
  desiredCapabilities: {
    browserName: 'chrome',
    'goog:chromeOptions': { args: [Array] },
    'goog:loggingPrefs': { browser: 'ALL' }
  }
}
2022-02-22T23:15:12.262Z DEBUG @wdio/sync: Finished to run "before" hook in 0ms
2022-02-22T23:15:25.944Z INFO webdriver: COMMAND navigateTo("https://qa.tich.academy/denso/a4114b7e-0c72-46e5-ab22-360ad8811ee6")
2022-02-22T23:15:25.944Z INFO webdriver: [POST] http://143.244.160.107:4445/wd/hub/session/4ea8d29bc257a002db559d8e6f7cdabe/url
2022-02-22T23:15:25.944Z INFO webdriver: DATA {
  url: 'https://qa.tich.academy/denso/a4114b7e-0c72-46e5-ab22-360ad8811ee6'
}
2022-02-22T23:15:30.943Z INFO webdriver: COMMAND executeScript("return (() => localStorage.setItem("debug", "kamaji-client:*")).apply(null, arguments)", <object>)
2022-02-22T23:15:30.944Z INFO webdriver: [POST] http://143.244.160.107:4445/wd/hub/session/4ea8d29bc257a002db559d8e6f7cdabe/execute/sync
2022-02-22T23:15:30.944Z INFO webdriver: DATA {
  script: 'return (() => localStorage.setItem("debug", "kamaji-client:*")).apply(null, arguments)',
  args: []
}
2022-02-22T23:15:31.026Z INFO webdriver: COMMAND refresh()
2022-02-22T23:15:31.026Z INFO webdriver: [POST] http://143.244.160.107:4445/wd/hub/session/4ea8d29bc257a002db559d8e6f7cdabe/refresh
2022-02-22T23:15:32.497Z INFO webdriver: COMMAND findElement("css selector", "form input[name=name]")
2022-02-22T23:15:32.498Z INFO webdriver: [POST] http://143.244.160.107:4445/wd/hub/session/4ea8d29bc257a002db559d8e6f7cdabe/element
2022-02-22T23:15:32.498Z INFO webdriver: DATA { using: 'css selector', value: 'form input[name=name]' }
2022-02-22T23:15:32.589Z INFO webdriver: RESULT {
  'element-6066-11e4-a52e-4f735466cecf': 'e0596520-59b9-4afa-943f-53b68a1cbcf0'
}
2022-02-22T23:15:32.600Z INFO webdriver: COMMAND elementClear("e0596520-59b9-4afa-943f-53b68a1cbcf0")
2022-02-22T23:15:32.600Z INFO webdriver: [POST] http://143.244.160.107:4445/wd/hub/session/4ea8d29bc257a002db559d8e6f7cdabe/element/e0596520-59b9-4afa-943f-53b68a1cbcf0/clear
2022-02-22T23:15:32.786Z INFO webdriver: COMMAND elementSendKeys("e0596520-59b9-4afa-943f-53b68a1cbcf0", "guest_4")
2022-02-22T23:15:32.787Z INFO webdriver: [POST] http://143.244.160.107:4445/wd/hub/session/4ea8d29bc257a002db559d8e6f7cdabe/element/e0596520-59b9-4afa-943f-53b68a1cbcf0/value
2022-02-22T23:15:32.787Z INFO webdriver: DATA { text: 'guest_4' }
2022-02-22T23:15:33.148Z INFO webdriver: COMMAND findElement("css selector", "form input[name=email]")
2022-02-22T23:15:33.149Z INFO webdriver: [POST] http://143.244.160.107:4445/wd/hub/session/4ea8d29bc257a002db559d8e6f7cdabe/element
2022-02-22T23:15:33.149Z INFO webdriver: DATA { using: 'css selector', value: 'form input[name=email]' }
2022-02-22T23:15:33.240Z INFO webdriver: RESULT {
  'element-6066-11e4-a52e-4f735466cecf': 'e08c883f-5c02-43f3-97ef-4bf22facc53b'
}
2022-02-22T23:15:33.249Z INFO webdriver: COMMAND elementClear("e08c883f-5c02-43f3-97ef-4bf22facc53b")
2022-02-22T23:15:33.249Z INFO webdriver: [POST] http://143.244.160.107:4445/wd/hub/session/4ea8d29bc257a002db559d8e6f7cdabe/element/e08c883f-5c02-43f3-97ef-4bf22facc53b/clear
2022-02-22T23:15:33.433Z INFO webdriver: COMMAND elementSendKeys("e08c883f-5c02-43f3-97ef-4bf22facc53b", "test_guest_A_4@bunsan.io")
2022-02-22T23:15:33.433Z INFO webdriver: [POST] http://143.244.160.107:4445/wd/hub/session/4ea8d29bc257a002db559d8e6f7cdabe/element/e08c883f-5c02-43f3-97ef-4bf22facc53b/value
2022-02-22T23:15:33.433Z INFO webdriver: DATA { text: 'test_guest_A_4@bunsan.io' }
2022-02-22T23:15:33.871Z INFO webdriver: COMMAND findElement("css selector", "form button[type="submit"]")
2022-02-22T23:15:33.871Z INFO webdriver: [POST] http://143.244.160.107:4445/wd/hub/session/4ea8d29bc257a002db559d8e6f7cdabe/element
2022-02-22T23:15:33.871Z INFO webdriver: DATA { using: 'css selector', value: 'form button[type="submit"]' }
2022-02-22T23:15:33.974Z INFO webdriver: RESULT {
  'element-6066-11e4-a52e-4f735466cecf': '57eb3c56-46f3-498b-b2a4-d4b39e9f8a35'
}
2022-02-22T23:15:33.981Z INFO webdriver: COMMAND elementClick("57eb3c56-46f3-498b-b2a4-d4b39e9f8a35")
2022-02-22T23:15:33.981Z INFO webdriver: [POST] http://143.244.160.107:4445/wd/hub/session/4ea8d29bc257a002db559d8e6f7cdabe/element/57eb3c56-46f3-498b-b2a4-d4b39e9f8a35/click
2022-02-22T23:21:34.238Z INFO webdriver: COMMAND findElement("xpath", ".//button[normalize-space() = "Mic"]")
2022-02-22T23:21:34.238Z INFO webdriver: [POST] http://143.244.160.107:4445/wd/hub/session/4ea8d29bc257a002db559d8e6f7cdabe/element
2022-02-22T23:21:34.238Z INFO webdriver: DATA { using: 'xpath', value: './/button[normalize-space() = "Mic"]' }
2022-02-22T23:21:34.423Z INFO webdriver: RESULT {
  'element-6066-11e4-a52e-4f735466cecf': '7fd129fe-e2e6-4e14-928b-317f5f90c68f'
}
2022-02-22T23:21:34.425Z INFO webdriver: COMMAND elementClick("7fd129fe-e2e6-4e14-928b-317f5f90c68f")
2022-02-22T23:21:34.425Z INFO webdriver: [POST] http://143.244.160.107:4445/wd/hub/session/4ea8d29bc257a002db559d8e6f7cdabe/element/7fd129fe-e2e6-4e14-928b-317f5f90c68f/click
2022-02-22T23:21:34.572Z INFO webdriver: COMMAND findElement("xpath", ".//button[normalize-space() = "Camera"]")
2022-02-22T23:21:34.573Z INFO webdriver: [POST] http://143.244.160.107:4445/wd/hub/session/4ea8d29bc257a002db559d8e6f7cdabe/element
2022-02-22T23:21:34.574Z INFO webdriver: DATA { using: 'xpath', value: './/button[normalize-space() = "Camera"]' }
2022-02-22T23:21:34.692Z INFO webdriver: RESULT {
  'element-6066-11e4-a52e-4f735466cecf': 'c98f76b1-5f22-4df5-a691-de64945ff418'
}
2022-02-22T23:21:34.705Z INFO webdriver: COMMAND elementClick("c98f76b1-5f22-4df5-a691-de64945ff418")
2022-02-22T23:21:34.705Z INFO webdriver: [POST] http://143.244.160.107:4445/wd/hub/session/4ea8d29bc257a002db559d8e6f7cdabe/element/c98f76b1-5f22-4df5-a691-de64945ff418/click
2022-02-22T23:23:24.874Z INFO webdriver: COMMAND findElement("xpath", ".//button[normalize-space() = "Mic"]")
2022-02-22T23:23:24.875Z INFO webdriver: [POST] http://143.244.160.107:4445/wd/hub/session/4ea8d29bc257a002db559d8e6f7cdabe/element
2022-02-22T23:23:24.875Z INFO webdriver: DATA { using: 'xpath', value: './/button[normalize-space() = "Mic"]' }
2022-02-22T23:23:25.031Z INFO webdriver: RESULT {
  'element-6066-11e4-a52e-4f735466cecf': '7fd129fe-e2e6-4e14-928b-317f5f90c68f'
}
2022-02-22T23:23:25.035Z INFO webdriver: COMMAND elementClick("7fd129fe-e2e6-4e14-928b-317f5f90c68f")
2022-02-22T23:23:25.035Z INFO webdriver: [POST] http://143.244.160.107:4445/wd/hub/session/4ea8d29bc257a002db559d8e6f7cdabe/element/7fd129fe-e2e6-4e14-928b-317f5f90c68f/click
2022-02-22T23:23:25.286Z INFO webdriver: COMMAND findElement("xpath", ".//button[normalize-space() = "Camera"]")
2022-02-22T23:23:25.286Z INFO webdriver: [POST] http://143.244.160.107:4445/wd/hub/session/4ea8d29bc257a002db559d8e6f7cdabe/element
2022-02-22T23:23:25.286Z INFO webdriver: DATA { using: 'xpath', value: './/button[normalize-space() = "Camera"]' }
2022-02-22T23:23:25.384Z INFO webdriver: RESULT {
  'element-6066-11e4-a52e-4f735466cecf': 'c98f76b1-5f22-4df5-a691-de64945ff418'
}
2022-02-22T23:23:25.387Z INFO webdriver: COMMAND elementClick("c98f76b1-5f22-4df5-a691-de64945ff418")
2022-02-22T23:23:25.388Z INFO webdriver: [POST] http://143.244.160.107:4445/wd/hub/session/4ea8d29bc257a002db559d8e6f7cdabe/element/c98f76b1-5f22-4df5-a691-de64945ff418/click
2022-02-22T23:23:25.633Z DEBUG @wdio/sync: Finished to run "afterTest" hook in 0ms
2022-02-22T23:23:25.635Z INFO webdriver: COMMAND findElement("xpath", ".//button[normalize-space() = "Reload session"]")
2022-02-22T23:23:25.635Z INFO webdriver: [POST] http://143.244.160.107:4445/wd/hub/session/4ea8d29bc257a002db559d8e6f7cdabe/element
2022-02-22T23:23:25.635Z INFO webdriver: DATA {
  using: 'xpath',
  value: './/button[normalize-space() = "Reload session"]'
}
2022-02-22T23:23:25.754Z INFO webdriver: RESULT {
  error: 'no such element',
  message: 'no such element: Unable to locate element: {"method":"xpath","selector":".//button[normalize-space() = "Reload session"]"}\n' +
    '  (Session info: headless chrome=98.0.4758.102)',
  stacktrace: '#0 0x55721bd3bb33 <unknown>\n' +
    '#1 0x55721b8046d8 <unknown>\n' +
    '#2 0x55721b83a6f1 <unknown>\n' +
    '#3 0x55721b83a8b1 <unknown>\n' +
    '#4 0x55721b86d574 <unknown>\n' +
    '#5 0x55721b85808d <unknown>\n' +
    '#6 0x55721b86b2fb <unknown>\n' +
    '#7 0x55721b857f53 <unknown>\n' +
    '#8 0x55721b82da0a <unknown>\n' +
    '#9 0x55721b82ead5 <unknown>\n' +
    '#10 0x55721bd6d2fd <unknown>\n' +
    '#11 0x55721bd864bb <unknown>\n' +
    '#12 0x55721bd6f0d5 <unknown>\n' +
    '#13 0x55721bd87145 <unknown>\n' +
    '#14 0x55721bd62aaf <unknown>\n' +
    '#15 0x55721bda3ba8 <unknown>\n' +
    '#16 0x55721bda3d28 <unknown>\n' +
    '#17 0x55721bdbe48d <unknown>\n' +
    '#18 0x7ff4385636db <unknown>\n'
}
2022-02-22T23:23:25.759Z INFO webdriver: COMMAND findElements("xpath", ".//button[normalize-space() = "Reload session"]")
2022-02-22T23:23:25.759Z INFO webdriver: [POST] http://143.244.160.107:4445/wd/hub/session/4ea8d29bc257a002db559d8e6f7cdabe/elements
2022-02-22T23:23:25.759Z INFO webdriver: DATA {
  using: 'xpath',
  value: './/button[normalize-space() = "Reload session"]'
}
2022-02-22T23:23:25.841Z INFO webdriver: RESULT []
2022-02-22T23:24:25.851Z INFO webdriver: COMMAND findElement("xpath", ".//button[normalize-space() = "Reload session"]")
2022-02-22T23:24:25.851Z INFO webdriver: [POST] http://143.244.160.107:4445/wd/hub/session/4ea8d29bc257a002db559d8e6f7cdabe/element
2022-02-22T23:24:25.851Z INFO webdriver: DATA {
  using: 'xpath',
  value: './/button[normalize-space() = "Reload session"]'
}
2022-02-22T23:24:25.999Z INFO webdriver: RESULT {
  error: 'no such element',
  message: 'no such element: Unable to locate element: {"method":"xpath","selector":".//button[normalize-space() = "Reload session"]"}\n' +
    '  (Session info: headless chrome=98.0.4758.102)',
  stacktrace: '#0 0x55721bd3bb33 <unknown>\n' +
    '#1 0x55721b8046d8 <unknown>\n' +
    '#2 0x55721b83a6f1 <unknown>\n' +
    '#3 0x55721b83a8b1 <unknown>\n' +
    '#4 0x55721b86d574 <unknown>\n' +
    '#5 0x55721b85808d <unknown>\n' +
    '#6 0x55721b86b2fb <unknown>\n' +
    '#7 0x55721b857f53 <unknown>\n' +
    '#8 0x55721b82da0a <unknown>\n' +
    '#9 0x55721b82ead5 <unknown>\n' +
    '#10 0x55721bd6d2fd <unknown>\n' +
    '#11 0x55721bd864bb <unknown>\n' +
    '#12 0x55721bd6f0d5 <unknown>\n' +
    '#13 0x55721bd87145 <unknown>\n' +
    '#14 0x55721bd62aaf <unknown>\n' +
    '#15 0x55721bda3ba8 <unknown>\n' +
    '#16 0x55721bda3d28 <unknown>\n' +
    '#17 0x55721bdbe48d <unknown>\n' +
    '#18 0x7ff4385636db <unknown>\n'
}
2022-02-22T23:24:26.004Z INFO webdriver: COMMAND findElements("xpath", ".//button[normalize-space() = "Reload session"]")
2022-02-22T23:24:26.004Z INFO webdriver: [POST] http://143.244.160.107:4445/wd/hub/session/4ea8d29bc257a002db559d8e6f7cdabe/elements
2022-02-22T23:24:26.004Z INFO webdriver: DATA {
  using: 'xpath',
  value: './/button[normalize-space() = "Reload session"]'
}
2022-02-22T23:24:26.084Z INFO webdriver: RESULT []
2022-02-22T23:25:26.090Z DEBUG @wdio/sync: Finished to run "afterTest" hook in 1ms
2022-02-22T23:25:26.097Z INFO webdriver: COMMAND takeScreenshot()
2022-02-22T23:25:26.097Z INFO webdriver: [GET] http://143.244.160.107:4445/wd/hub/session/4ea8d29bc257a002db559d8e6f7cdabe/screenshot
2022-02-22T23:25:26.876Z INFO webdriver: RESULT iVBORw0KGgoAAAANSUhEUgAABQAAAAMgCAYAAAB8mM/7AAAAAXNSR0IArs4c6...
2022-02-22T23:25:26.902Z INFO webdriver: COMMAND takeScreenshot()
2022-02-22T23:25:26.902Z INFO webdriver: [GET] http://143.244.160.107:4445/wd/hub/session/4ea8d29bc257a002db559d8e6f7cdabe/screenshot
2022-02-22T23:25:27.448Z INFO webdriver: RESULT iVBORw0KGgoAAAANSUhEUgAABQAAAAMgCAYAAAB8mM/7AAAAAXNSR0IArs4c6...
2022-02-22T23:25:27.449Z DEBUG @wdio/sync: Finished to run "afterTest" hook in 548ms
2022-02-22T23:25:27.469Z DEBUG @wdio/sync: Finished to run "afterSuite" hook in 0ms
2022-02-22T23:25:27.470Z INFO webdriver: COMMAND getLogTypes()
2022-02-22T23:25:27.470Z INFO webdriver: [GET] http://143.244.160.107:4445/wd/hub/session/4ea8d29bc257a002db559d8e6f7cdabe/se/log/types
2022-02-22T23:25:27.537Z INFO webdriver: RESULT [ 'browser', 'driver' ]
2022-02-22T23:25:27.538Z DEBUG @wdio/runner: Fetching logs for browser, driver
2022-02-22T23:25:27.538Z INFO webdriver: COMMAND getLogs("browser")
2022-02-22T23:25:27.538Z INFO webdriver: [POST] http://143.244.160.107:4445/wd/hub/session/4ea8d29bc257a002db559d8e6f7cdabe/se/log
2022-02-22T23:25:27.538Z INFO webdriver: DATA { type: 'browser' }
2022-02-22T23:25:27.539Z INFO webdriver: COMMAND getLogs("driver")
2022-02-22T23:25:27.539Z INFO webdriver: [POST] http://143.244.160.107:4445/wd/hub/session/4ea8d29bc257a002db559d8e6f7cdabe/se/log
2022-02-22T23:25:27.539Z INFO webdriver: DATA { type: 'driver' }
2022-02-22T23:25:27.616Z INFO webdriver: RESULT [
  {
    level: 'INFO',
    message: 'https://qa.tich.academy/denso/_nuxt/674bd6a.js 1:79363 "Download the Vue Devtools extension for a better development experience:\\nhttps://github.com/vuejs/vue-devtools"',
    source: 'console-api',
    timestamp: 1645571727373
  },
  {
    level: 'INFO',
    message: 'https://qa.tich.academy/denso/_nuxt/674bd6a.js 1:79565 "You are running Vue in development mode.\\nMake sure to turn on production mode when deploying for production.\\nSee more tips at https://vuejs.org/guide/deployment.html"',
    source: 'console-api',
    timestamp: 1645571727374
  },
  {
    level: 'INFO',
    message: 'https://qa.tich.academy/denso/_nuxt/674bd6a.js 1:79363 "Download the Vue Devtools extension for a better development experience:\\nhttps://github.com/vuejs/vue-devtools"',
    source: 'console-api',
    timestamp: 1645571731936
  },
  {
    level: 'INFO',
    message: 'https://qa.tich.academy/denso/_nuxt/674bd6a.js 1:79565 "You are running Vue in development mode.\\nMake sure to turn on production mode when deploying for production.\\nSee more tips at https://vuejs.org/guide/deployment.html"',
    source: 'console-api',
    timestamp: 1645571731936
  },
  {
    level: 'INFO',
    message: 'https://qa.tich.academy/denso/_nuxt/e51eeb8.js 1:1502812 "%cdenso-client:SessionChannelService %cjoinChannel() | Success joining web_lobby:eb1acc54-715f-4933-87e6-5c99dadcf8b9:6f511cc0-62e1-4728-b17c-a279cd1e2d2d%c +0ms" "color: #CC00FF" "color: inherit" "color: #CC00FF"',
    source: 'console-api',
    timestamp: 1645572094550
  },
  {
    level: 'INFO',
    message: 'https://qa.tich.academy/denso/_nuxt/e51eeb8.js 1:1502812 "%cdenso-client:SessionChannelService %cjoinChannel() | Success joining board:6f511cc0-62e1-4728-b17c-a279cd1e2d2d%c +30ms" "color: #CC00FF" "color: inherit" "color: #CC00FF"',
    source: 'console-api',
    timestamp: 1645572094550
  },
  {
    level: 'INFO',
    message: 'https://qa.tich.academy/denso/_nuxt/e51eeb8.js 1:1502812 "%cdenso-client:SessionChannelService %cjoinChannel() | Success joining page:6f511cc0-62e1-4728-b17c-a279cd1e2d2d%c +0ms" "color: #CC00FF" "color: inherit" "color: #CC00FF"',
    source: 'console-api',
    timestamp: 1645572094550
  },
  {
    level: 'INFO',
    message: 'https://qa.tich.academy/denso/_nuxt/e51eeb8.js 1:1502812 "%cdenso-client:SessionChannelService %cconnect() | Connected to session a4114b7e-0c72-46e5-ab22-360ad8811ee6 channels%c +1ms" "color: #CC00FF" "color: inherit" "color: #CC00FF"',
    source: 'console-api',
    timestamp: 1645572094550
  },
  {
    level: 'DEBUG',
    message: 'https://qa.tich.academy/denso/_nuxt/e51eeb8.js 1:1502812 "%ckamaji-client:Client %cKamaji client v. 0.1.5 initialized%c +0ms" "color: #FF0000" "color: inherit" "color: #FF0000"',
    source: 'console-api',
    timestamp: 1645572094550
  },
  {
    level: 'DEBUG',
    message: 'https://qa.tich.academy/denso/_nuxt/e51eeb8.js 1:1502812 "%ckamaji-client:Client %cjoin() | Joining to a4114b7e-0c72-46e5-ab22-360ad8811ee6%c +0ms" "color: #FF0000" "color: inherit" "color: #FF0000"',
    source: 'console-api',
    timestamp: 1645572094550
  },
  {
    level: 'DEBUG',
    message: 'https://qa.tich.academy/denso/_nuxt/e51eeb8.js 1:1502812 "%ckamaji-client:ApiService %cgetRtpCapabilities() | [object Object]%c +0ms" "color: #33CCCC" "color: inherit" "color: #33CCCC"',
    source: 'console-api',
    timestamp: 1645572094550
  },
  {
    level: 'DEBUG',
    message: 'https://qa.tich.academy/denso/_nuxt/e51eeb8.js 1:1502812 "%ckamaji-client:RoomChannel %cconnect()%c +0ms" "color: #9933FF" "color: inherit" "color: #9933FF"',
    source: 'console-api',
    timestamp: 1645572094550
  },
  {
    level: 'DEBUG',
    message: 'https://qa.tich.academy/denso/_nuxt/e51eeb8.js 1:1502812 "%ckamaji-client:RoomChannel %cconnect() | Connected to wss://qa.tich.academy/kamaji/socket @room a4114b7e-0c72-46e5-ab22-360ad8811ee6%c +56ms" "color: #9933FF" "color: inherit" "color: #9933FF"',
    source: 'console-api',
    timestamp: 1645572094551
  },
  {
    level: 'DEBUG',
    message: 'https://qa.tich.academy/denso/_nuxt/e51eeb8.js 1:1502812 "%ckamaji-client:Client %cjoin() | ICE servers were configured%c +148ms" "color: #FF0000" "color: inherit" "color: #FF0000"',
    source: 'console-api',
    timestamp: 1645572094551
  },
  {
    level: 'DEBUG',
    message: 'https://qa.tich.academy/denso/_nuxt/e51eeb8.js 1:1502812 "%ckamaji-client:Client %csetClientConnection() | \\n sendTransport: 150cd0cb-b521-4a77-963d-41aefaafa55d \\n recvTransport: c61b38b0-0b08-45d1-9601-4f7d0cec071a%c +4ms" "color: #FF0000" "color: inherit" "color: #FF0000"',
    source: 'console-api',
    timestamp: 1645572094551
  },
  {
    level: 'INFO',
    message: 'https://qa.tich.academy/denso/_nuxt/e51eeb8.js 1:1502812 "%cdenso-client:PresenceStore %csyncOnlineUsers() | Online users: ef616c69-7968-4b09-9551-3fb3e419b4cb,eb1acc54-715f-4933-87e6-5c99dadcf8b9,8f1434b4-2e2c-4041-84f3-bf60729e116f,704e55d5-eb72-48c3-a3c3-2ca8b53e6301,52fcd444-2e79-4cee-acc7-33cd479c7a95,0f48bca8-f207-488d-a49d-cadd59d70663%c +0ms" "color: #FF3399" "color: inherit" "color: #FF3399"',
    source: 'console-api',
    timestamp: 1645572094551
  },
  {
    level: 'DEBUG',
    message: 'https://qa.tich.academy/denso/_nuxt/e51eeb8.js 1:1502812 "%ckamaji-client:Client %conVolumes() | not found receiver connected to producer: 2c20d3dd-6edd-4694-9a25-e1fe7317a113%c +627ms" "color: #FF0000" "color: inherit" "color: #FF0000"',
    source: 'console-api',
    timestamp: 1645572094551
  },
  {
    level: 'DEBUG',
    message: 'https://qa.tich.academy/denso/_nuxt/e51eeb8.js 1:1502812 "%ckamaji-client:RoomChannel %cconnectTransport() | Peer: 9f020492-b34d-44ea-bf0e-8a36396c3612 \\n Transport: c61b38b0-0b08-45d1-9601-4f7d0cec071a%c +728ms" "color: #9933FF" "color: inherit" "color: #9933FF"',
    source: 'console-api',
    timestamp: 1645572094551
  },
  {
    level: 'DEBUG',
    message: 'https://qa.tich.academy/denso/_nuxt/e51eeb8.js 1:1502812 "%ckamaji-client:Client %conConnectTransport() | transport connected: c61b38b0-0b08-45d1-9601-4f7d0cec071a%c +97ms" "color: #FF0000" "color: inherit" "color: #FF0000"',
    source: 'console-api',
    timestamp: 1645572094551
  },
  {
    level: 'DEBUG',
    message: 'https://qa.tich.academy/denso/_nuxt/e51eeb8.js 1:1502812 "%ckamaji-client:RoomChannel %cresumeConsumer() | 9f020492-b34d-44ea-bf0e-8a36396c3612:5b1792bb-4537-44a8-980c-07633a1c4aef%c +14ms" "color: #9933FF" "color: inherit" "color: #9933FF"',
    source: 'console-api',
    timestamp: 1645572094551
  },
  {
    level: 'INFO',
    message: 'https://qa.tich.academy/denso/_nuxt/e51eeb8.js 1:1502812 "%cdenso-client:PresenceStore %csetUserReceiver() | User: 8f1434b4-2e2c-4041-84f3-bf60729e116f:5b1792bb-4537-44a8-980c-07633a1c4aef:audio%c +719ms" "color: #FF3399" "color: inherit" "color: #FF3399"',
    source: 'console-api',
    timestamp: 1645572094551
  },
  {
    level: 'DEBUG',
    message: 'https://qa.tich.academy/denso/_nuxt/e51eeb8.js 1:1502812 "%ckamaji-client:Client %ccreateReceiver() | receiver created 5b1792bb-4537-44a8-980c-07633a1c4aef%c +40ms" "color: #FF0000" "color: inherit" "color: #FF0000"',
    source: 'console-api',
    timestamp: 1645572094551
  },
  {
    level: 'WARNING',
    message: 'https://qa.tich.academy/denso/_nuxt/e51eeb8.js 1:1502812 "%cdenso-client:WARN:StreamPlayer %csetupStream() | Stream 5b1792bb-4537-44a8-980c-07633a1c4aef will play muted%c +0ms" "color: #FF3366" "color: inherit" "color: #FF3366"',
    source: 'console-api',
    timestamp: 1645572094551
  },
  {
    level: 'DEBUG',
    message: 'https://qa.tich.academy/denso/_nuxt/e51eeb8.js 1:1502812 "%ckamaji-client:RoomChannel %cresumeConsumer() | 9f020492-b34d-44ea-bf0e-8a36396c3612:20330275-7fe5-42e7-9538-9697807d012d%c +177ms" "color: #9933FF" "color: inherit" "color: #9933FF"',
    source: 'console-api',
    timestamp: 1645572094551
  },
  {
    level: 'DEBUG',
    message: 'https://qa.tich.academy/denso/_nuxt/e51eeb8.js 1:1502812 "%ckamaji-client:RoomChannel %cresumeConsumer() | 9f020492-b34d-44ea-bf0e-8a36396c3612:cf77b00d-3e39-4368-8db1-9208d9ee73c3%c +1ms" "color: #9933FF" "color: inherit" "color: #9933FF"',
    source: 'console-api',
    timestamp: 1645572094551
  },
  {
    level: 'INFO',
    message: 'https://qa.tich.academy/denso/_nuxt/e51eeb8.js 1:1502812 "%cdenso-client:PresenceStore %csetUserReceiver() | User: 52fcd444-2e79-4cee-acc7-33cd479c7a95:20330275-7fe5-42e7-9538-9697807d012d:audio%c +165ms" "color: #FF3399" "color: inherit" "color: #FF3399"',
    source: 'console-api',
    timestamp: 1645572094551
  },
  {
    level: 'DEBUG',
    message: 'https://qa.tich.academy/denso/_nuxt/e51eeb8.js 1:1502812 "%ckamaji-client:Client %ccreateReceiver() | receiver created 20330275-7fe5-42e7-9538-9697807d012d%c +175ms" "color: #FF0000" "color: inherit" "color: #FF0000"',
    source: 'console-api',
    timestamp: 1645572094551
  },
  {
    level: 'INFO',
    message: 'https://qa.tich.academy/denso/_nuxt/e51eeb8.js 1:1502812 "%cdenso-client:PresenceStore %csetUserReceiver() | User: 52fcd444-2e79-4cee-acc7-33cd479c7a95:cf77b00d-3e39-4368-8db1-9208d9ee73c3:video%c +40ms" "color: #FF3399" "color: inherit" "color: #FF3399"',
    source: 'console-api',
    timestamp: 1645572094551
  },
  {
    level: 'DEBUG',
    message: 'https://qa.tich.academy/denso/_nuxt/e51eeb8.js 1:1502812 "%ckamaji-client:Client %ccreateReceiver() | receiver created cf77b00d-3e39-4368-8db1-9208d9ee73c3%c +25ms" "color: #FF0000" "color: inherit" "color: #FF0000"',
    source: 'console-api',
    timestamp: 1645572094551
  },
  {
    level: 'DEBUG',
    message: 'https://qa.tich.academy/denso/_nuxt/e51eeb8.js 1:1502812 "%ckamaji-client:Client %conProducerUpdate() | receiver notified%c +2m" "color: #FF0000" "color: inherit" "color: #FF0000"',
    source: 'console-api',
    timestamp: 1645572094551
  },
  {
    level: 'DEBUG',
    message: 'https://qa.tich.academy/denso/_nuxt/e51eeb8.js 1:1502812 "%ckamaji-client:Client %conProducerUpdate() | receiver notified%c +343ms" "color: #FF0000" "color: inherit" "color: #FF0000"',
    source: 'console-api',
    timestamp: 1645572094551
  },
  {
    level: 'DEBUG',
    message: 'https://qa.tich.academy/denso/_nuxt/e51eeb8.js 1:1502812 "%ckamaji-client:RoomChannel %cconsume() | d227173f-65f8-4670-9c21-56f373ef2e1f:ccbf4967-d615-470a-9ad8-072f0c5355f1%c +2m" "color: #9933FF" "color: inherit" "color: #9933FF"',
    source: 'console-api',
    timestamp: 1645572094551
  },
  {
    level: 'DEBUG',
    message: 'https://qa.tich.academy/denso/_nuxt/e51eeb8.js 1:1502812 "%ckamaji-client:RoomChannel %cresumeConsumer() | 9f020492-b34d-44ea-bf0e-8a36396c3612:9b15ebfa-c2e3-4ac1-9477-92a44bf91342%c +42ms" "color: #9933FF" "color: inherit" "color: #9933FF"',
    source: 'console-api',
    timestamp: 1645572094551
  },
  {
    level: 'INFO',
    message: 'https://qa.tich.academy/denso/_nuxt/e51eeb8.js 1:1502812 "%cdenso-client:PresenceStore %csetUserReceiver() | User: 0f48bca8-f207-488d-a49d-cadd59d70663:9b15ebfa-c2e3-4ac1-9477-92a44bf91342:audio%c +2m" "color: #FF3399" "color: inherit" "color: #FF3399"',
    source: 'console-api',
    timestamp: 1645572094551
  },
  {
    level: 'DEBUG',
    message: 'https://qa.tich.academy/denso/_nuxt/e51eeb8.js 1:1502812 "%ckamaji-client:Client %ccreateReceiver() | receiver created 9b15ebfa-c2e3-4ac1-9477-92a44bf91342%c +8s" "color: #FF0000" "color: inherit" "color: #FF0000"',
    source: 'console-api',
    timestamp: 1645572094551
  },
  {
    level: 'DEBUG',
    message: 'https://qa.tich.academy/denso/_nuxt/e51eeb8.js 1:1502812 "%ckamaji-client:Client %conNewProducer() | receiver created%c +6ms" "color: #FF0000" "color: inherit" "color: #FF0000"',
    source: 'console-api',
    timestamp: 1645572094551
  },
  {
    level: 'DEBUG',
    message: 'https://qa.tich.academy/denso/_nuxt/e51eeb8.js 1:1502812 "%ckamaji-client:RoomChannel %cconsume() | d227173f-65f8-4670-9c21-56f373ef2e1f:bc37626c-5dae-4927-a0a4-be27677c1836%c +237ms" "color: #9933FF" "color: inherit" "color: #9933FF"',
    source: 'console-api',
    timestamp: 1645572094551
  },
  {
    level: 'DEBUG',
    message: 'https://qa.tich.academy/denso/_nuxt/e51eeb8.js 1:1502812 "%ckamaji-client:RoomChannel %cresumeConsumer() | 9f020492-b34d-44ea-bf0e-8a36396c3612:8d6fba64-d6db-4a61-9ab5-2ae47250d121%c +30ms" "color: #9933FF" "color: inherit" "color: #9933FF"',
    source: 'console-api',
    timestamp: 1645572094551
  },
  {
    level: 'INFO',
    message: 'https://qa.tich.academy/denso/_nuxt/e51eeb8.js 1:1502812 "%cdenso-client:PresenceStore %csetUserReceiver() | User: 0f48bca8-f207-488d-a49d-cadd59d70663:8d6fba64-d6db-4a61-9ab5-2ae47250d121:video%c +272ms" "color: #FF3399" "color: inherit" "color: #FF3399"',
    source: 'console-api',
    timestamp: 1645572094551
  },
  {
    level: 'DEBUG',
    message: 'https://qa.tich.academy/denso/_nuxt/e51eeb8.js 1:1502812 "%ckamaji-client:Client %ccreateReceiver() | receiver created 8d6fba64-d6db-4a61-9ab5-2ae47250d121%c +267ms" "color: #FF0000" "color: inherit" "color: #FF0000"',
    source: 'console-api',
    timestamp: 1645572094551
  },
  {
    level: 'DEBUG',
    message: 'https://qa.tich.academy/denso/_nuxt/e51eeb8.js 1:1502812 "%ckamaji-client:Client %conNewProducer() | receiver created%c +35ms" "color: #FF0000" "color: inherit" "color: #FF0000"',
    source: 'console-api',
    timestamp: 1645572094551
  },
  {
    level: 'DEBUG',
    message: 'https://qa.tich.academy/denso/_nuxt/e51eeb8.js 1:1502812 "%ckamaji-client:Client %conProducerUpdate() | receiver notified%c +2m" "color: #FF0000" "color: inherit" "color: #FF0000"',
    source: 'console-api',
    timestamp: 1645572094551
  },
  {
    level: 'DEBUG',
    message: 'https://qa.tich.academy/denso/_nuxt/e51eeb8.js 1:1502812 "%ckamaji-client:Client %conProducerUpdate() | receiver notified%c +321ms" "color: #FF0000" "color: inherit" "color: #FF0000"',
    source: 'console-api',
    timestamp: 1645572094551
  },
  {
    level: 'DEBUG',
    message: 'https://qa.tich.academy/denso/_nuxt/e51eeb8.js 1:1502812 "%ckamaji-client:RoomChannel %cconsume() | 52e5d2df-af65-4a56-99f0-d98d77ff2068:cc472b2c-df3e-4650-98b8-4b89b539c72b%c +2m" "color: #9933FF" "color: inherit" "color: #9933FF"',
    source: 'console-api',
    timestamp: 1645572094551
  },
  {
    level: 'DEBUG',
    message: 'https://qa.tich.academy/denso/_nuxt/e51eeb8.js 1:1502812 "%ckamaji-client:RoomChannel %cresumeConsumer() | 9f020492-b34d-44ea-bf0e-8a36396c3612:e06fa3eb-1345-4a60-8964-4dd8720575b3%c +87ms" "color: #9933FF" "color: inherit" "color: #9933FF"',
    source: 'console-api',
    timestamp: 1645572094552
  },
  {
    level: 'INFO',
    message: 'https://qa.tich.academy/denso/_nuxt/e51eeb8.js 1:1502812 "%cdenso-client:PresenceStore %csetUserReceiver() | User: 704e55d5-eb72-48c3-a3c3-2ca8b53e6301:e06fa3eb-1345-4a60-8964-4dd8720575b3:audio%c +2m" "color: #FF3399" "color: inherit" "color: #FF3399"',
    source: 'console-api',
    timestamp: 1645572094552
  },
  {
    level: 'DEBUG',
    message: 'https://qa.tich.academy/denso/_nuxt/e51eeb8.js 1:1502812 "%ckamaji-client:Client %ccreateReceiver() | receiver created e06fa3eb-1345-4a60-8964-4dd8720575b3%c +12s" "color: #FF0000" "color: inherit" "color: #FF0000"',
    source: 'console-api',
    timestamp: 1645572094552
  },
  {
    level: 'DEBUG',
    message: 'https://qa.tich.academy/denso/_nuxt/e51eeb8.js 1:1502812 "%ckamaji-client:Client %conNewProducer() | receiver created%c +12ms" "color: #FF0000" "color: inherit" "color: #FF0000"',
    source: 'console-api',
    timestamp: 1645572094552
  },
  {
    level: 'DEBUG',
    message: 'https://qa.tich.academy/denso/_nuxt/e51eeb8.js 1:1502812 "%ckamaji-client:RoomChannel %cconsume() | 52e5d2df-af65-4a56-99f0-d98d77ff2068:5d47785f-ea5a-4ce6-9fb7-da83063875ca%c +206ms" "color: #9933FF" "color: inherit" "color: #9933FF"',
    source: 'console-api',
    timestamp: 1645572094552
  },
  {
    level: 'DEBUG',
    message: 'https://qa.tich.academy/denso/_nuxt/e51eeb8.js 1:1502812 "%ckamaji-client:RoomChannel %cresumeConsumer() | 9f020492-b34d-44ea-bf0e-8a36396c3612:6a1627b3-2e42-4d72-a95e-7167aaa1f445%c +86ms" "color: #9933FF" "color: inherit" "color: #9933FF"',
    source: 'console-api',
    timestamp: 1645572094552
  },
  {
    level: 'INFO',
    message: 'https://qa.tich.academy/denso/_nuxt/e51eeb8.js 1:1502812 "%cdenso-client:PresenceStore %csetUserReceiver() | User: 704e55d5-eb72-48c3-a3c3-2ca8b53e6301:6a1627b3-2e42-4d72-a95e-7167aaa1f445:video%c +301ms" "color: #FF3399" "color: inherit" "color: #FF3399"',
    source: 'console-api',
    timestamp: 1645572094552
  },
  {
    level: 'DEBUG',
    message: 'https://qa.tich.academy/denso/_nuxt/e51eeb8.js 1:1502812 "%ckamaji-client:Client %ccreateReceiver() | receiver created 6a1627b3-2e42-4d72-a95e-7167aaa1f445%c +297ms" "color: #FF0000" "color: inherit" "color: #FF0000"',
    source: 'console-api',
    timestamp: 1645572094552
  },
  {
    level: 'DEBUG',
    message: 'https://qa.tich.academy/denso/_nuxt/e51eeb8.js 1:1502812 "%ckamaji-client:Client %conNewProducer() | receiver created%c +21ms" "color: #FF0000" "color: inherit" "color: #FF0000"',
    source: 'console-api',
    timestamp: 1645572094552
  },
  {
    level: 'DEBUG',
    message: 'https://qa.tich.academy/denso/_nuxt/e51eeb8.js 1:1502812 "%ckamaji-client:Client %conProducerUpdate() | receiver notified%c +2m" "color: #FF0000" "color: inherit" "color: #FF0000"',
    source: 'console-api',
    timestamp: 1645572094552
  },
  {
    level: 'DEBUG',
    message: 'https://qa.tich.academy/denso/_nuxt/e51eeb8.js 1:1502812 "%ckamaji-client:Client %conProducerUpdate() | receiver notified%c +336ms" "color: #FF0000" "color: inherit" "color: #FF0000"',
    source: 'console-api',
    timestamp: 1645572094552
  },
  {
    level: 'DEBUG',
    message: 'https://qa.tich.academy/denso/_nuxt/e51eeb8.js 1:1502812 "%ckamaji-client:RoomChannel %cconnectTransport() | Peer: 9f020492-b34d-44ea-bf0e-8a36396c3612 \\n Transport: 150cd0cb-b521-4a77-963d-41aefaafa55d%c +2m" "color: #9933FF" "color: inherit" "color: #9933FF"',
    source: 'console-api',
    timestamp: 1645572094813
  },
  {
    level: 'DEBUG',
    message: 'https://qa.tich.academy/denso/_nuxt/e51eeb8.js 1:1502812 "%ckamaji-client:Client %conConnectTransport() | transport connected: 150cd0cb-b521-4a77-963d-41aefaafa55d%c +12s" "color: #FF0000" "color: inherit" "color: #FF0000"',
    source: 'console-api',
    timestamp: 1645572094813
  },
  {
    level: 'DEBUG',
    message: 'https://qa.tich.academy/denso/_nuxt/e51eeb8.js 1:1502812 "%ckamaji-client:RoomChannel %cproduce() | 9f020492-b34d-44ea-bf0e-8a36396c3612:audio%c +47ms" "color: #9933FF" "color: inherit" "color: #9933FF"',
    source: 'console-api',
    timestamp: 1645572094813
  },
  {
    level: 'DEBUG',
    message: 'https://qa.tich.academy/denso/_nuxt/e51eeb8.js 1:1502812 "%ckamaji-client:Client %conProduce() | producing audio:13cd2b0c-d9ea-4ef2-85ea-50649ec357a1%c +47ms" "color: #FF0000" "color: inherit" "color: #FF0000"',
    source: 'console-api',
    timestamp: 1645572094813
  },
  {
    level: 'INFO',
    message: 'https://qa.tich.academy/denso/_nuxt/e51eeb8.js 1:1502812 "%cdenso-client:PresenceStore %csetUserReceiver() | User: eb1acc54-715f-4933-87e6-5c99dadcf8b9:13cd2b0c-d9ea-4ef2-85ea-50649ec357a1:audio%c +2m" "color: #FF3399" "color: inherit" "color: #FF3399"',
    source: 'console-api',
    timestamp: 1645572094813
  },
  {
    level: 'DEBUG',
    message: 'https://qa.tich.academy/denso/_nuxt/e51eeb8.js 1:1502812 "%ckamaji-client:RoomChannel %cproduce() | 9f020492-b34d-44ea-bf0e-8a36396c3612:video%c +314ms" "color: #9933FF" "color: inherit" "color: #9933FF"',
    source: 'console-api',
    timestamp: 1645572205183
  },
  {
    level: 'DEBUG',
    message: 'https://qa.tich.academy/denso/_nuxt/e51eeb8.js 1:1502812 "%ckamaji-client:Client %conProduce() | producing video:29dd1011-044a-4596-8b44-b28c7ab4bf73%c +315ms" "color: #FF0000" "color: inherit" "color: #FF0000"',
    source: 'console-api',
    timestamp: 1645572205183
  },
  {
    level: 'INFO',
    message: 'https://qa.tich.academy/denso/_nuxt/e51eeb8.js 1:1502812 "%cdenso-client:PresenceStore %csetUserReceiver() | User: eb1acc54-715f-4933-87e6-5c99dadcf8b9:29dd1011-044a-4596-8b44-b28c7ab4bf73:video%c +314ms" "color: #FF3399" "color: inherit" "color: #FF3399"',
    source: 'console-api',
    timestamp: 1645572205183
  },
  {
    level: 'DEBUG',
    message: 'https://qa.tich.academy/denso/_nuxt/e51eeb8.js 1:1502812 "%ckamaji-client:RoomChannel %cpauseProducer() | 9f020492-b34d-44ea-bf0e-8a36396c3612:13cd2b0c-d9ea-4ef2-85ea-50649ec357a1%c +2m" "color: #9933FF" "color: inherit" "color: #9933FF"',
    source: 'console-api',
    timestamp: 1645572205396
  },
  {
    level: 'DEBUG',
    message: 'https://qa.tich.academy/denso/_nuxt/e51eeb8.js 1:1502812 "%ckamaji-client:Client %conProducerUpdate() | producer not found%c +2m" "color: #FF0000" "color: inherit" "color: #FF0000"',
    source: 'console-api',
    timestamp: 1645572205409
  },
  {
    level: 'DEBUG',
    message: 'https://qa.tich.academy/denso/_nuxt/e51eeb8.js 1:1502812 "%ckamaji-client:RoomChannel %cpauseProducer() | 9f020492-b34d-44ea-bf0e-8a36396c3612:29dd1011-044a-4596-8b44-b28c7ab4bf73%c +345ms" "color: #9933FF" "color: inherit" "color: #9933FF"',
    source: 'console-api',
    timestamp: 1645572205755
  },
  {
    level: 'DEBUG',
    message: 'https://qa.tich.academy/denso/_nuxt/e51eeb8.js 1:1502812 "%ckamaji-client:Client %conProducerUpdate() | producer not found%c +398ms" "color: #FF0000" "color: inherit" "color: #FF0000"',
    source: 'console-api',
    timestamp: 1645572205871
  },
  {
    level: 'INFO',
    message: 'https://qa.tich.academy/denso/_nuxt/e51eeb8.js 1:1502812 "%cdenso-client:PresenceStore %csyncOnlineUsers() | Online users: ef616c69-7968-4b09-9551-3fb3e419b4cb,eb1acc54-715f-4933-87e6-5c99dadcf8b9,8f1434b4-2e2c-4041-84f3-bf60729e116f,704e55d5-eb72-48c3-a3c3-2ca8b53e6301,52fcd444-2e79-4cee-acc7-33cd479c7a95%c +4m" "color: #FF3399" "color: inherit" "color: #FF3399"',
    source: 'console-api',
    timestamp: 1645572326399
  },
  {
    level: 'DEBUG',
    message: 'https://qa.tich.academy/denso/_nuxt/e51eeb8.js 1:1502812 "%ckamaji-client:Client %conPeerDisconnected() | disconnection from: d227173f-65f8-4670-9c21-56f373ef2e1f%c +2m" "color: #FF0000" "color: inherit" "color: #FF0000"',
    source: 'console-api',
    timestamp: 1645572326399
  },
  {
    level: 'WARNING',
    message: 'https://qa.tich.academy/denso/_nuxt/e51eeb8.js 1:1502812 "%cdenso-client:WARN:PresenceStore %ccloseUserStreams() | User 0f48bca8-f207-488d-a49d-cadd59d70663 is not related with peerId: d227173f-65f8-4670-9c21-56f373ef2e1f, ignoring stream close%c +0ms" "color: #CC00FF" "color: inherit" "color: #CC00FF"',
    source: 'console-api',
    timestamp: 1645572326399
  },
  {
    level: 'INFO',
    message: 'https://qa.tich.academy/denso/_nuxt/e51eeb8.js 1:1502812 "%cdenso-client:PresenceStore %csyncOnlineUsers() | Online users: ef616c69-7968-4b09-9551-3fb3e419b4cb,eb1acc54-715f-4933-87e6-5c99dadcf8b9,8f1434b4-2e2c-4041-84f3-bf60729e116f,704e55d5-eb72-48c3-a3c3-2ca8b53e6301%c +1s" "color: #FF3399" "color: inherit" "color: #FF3399"',
    source: 'console-api',
    timestamp: 1645572326399
  },
  {
    level: 'DEBUG',
    message: 'https://qa.tich.academy/denso/_nuxt/e51eeb8.js 1:1502812 "%ckamaji-client:Client %conPeerDisconnected() | disconnection from: d38e532d-177a-4718-8f3f-01c88ed3fa4d%c +1s" "color: #FF0000" "color: inherit" "color: #FF0000"',
    source: 'console-api',
    timestamp: 1645572326399
  },
  {
    level: 'WARNING',
    message: 'https://qa.tich.academy/denso/_nuxt/e51eeb8.js 1:1502812 "%cdenso-client:WARN:PresenceStore %ccloseUserStreams() | User 52fcd444-2e79-4cee-acc7-33cd479c7a95 is not related with peerId: d38e532d-177a-4718-8f3f-01c88ed3fa4d, ignoring stream close%c +1s" "color: #CC00FF" "color: inherit" "color: #CC00FF"',
    source: 'console-api',
    timestamp: 1645572326399
  },
  {
    level: 'INFO',
    message: 'https://qa.tich.academy/denso/_nuxt/e51eeb8.js 1:1502812 "%cdenso-client:PresenceStore %csyncOnlineUsers() | Online users: ef616c69-7968-4b09-9551-3fb3e419b4cb,eb1acc54-715f-4933-87e6-5c99dadcf8b9,8f1434b4-2e2c-4041-84f3-bf60729e116f%c +930ms" "color: #FF3399" "color: inherit" "color: #FF3399"',
    source: 'console-api',
    timestamp: 1645572326399
  },
  {
    level: 'DEBUG',
    message: 'https://qa.tich.academy/denso/_nuxt/e51eeb8.js 1:1502812 "%ckamaji-client:Client %conPeerDisconnected() | disconnection from: 52e5d2df-af65-4a56-99f0-d98d77ff2068%c +935ms" "color: #FF0000" "color: inherit" "color: #FF0000"',
    source: 'console-api',
    timestamp: 1645572326399
  },
  {
    level: 'WARNING',
    message: 'https://qa.tich.academy/denso/_nuxt/e51eeb8.js 1:1502812 "%cdenso-client:WARN:PresenceStore %ccloseUserStreams() | User 704e55d5-eb72-48c3-a3c3-2ca8b53e6301 is not related with peerId: 52e5d2df-af65-4a56-99f0-d98d77ff2068, ignoring stream close%c +934ms" "color: #CC00FF" "color: inherit" "color: #CC00FF"',
    source: 'console-api',
    timestamp: 1645572326399
  }
]
2022-02-22T23:25:27.688Z INFO webdriver: RESULT []
2022-02-22T23:25:27.688Z INFO webdriver: COMMAND deleteSession()
2022-02-22T23:25:27.688Z INFO webdriver: [DELETE] http://143.244.160.107:4445/wd/hub/session/4ea8d29bc257a002db559d8e6f7cdabe
