2022-02-22T22:23:27.280Z WARN @wdio/utils:shim: You are running tests with @wdio/sync which will be discontinued starting Node.js v16.Read more on https://github.com/webdriverio/webdriverio/discussions/6702
2022-02-22T22:23:29.319Z INFO @wdio/local-runner: Run worker command: run
2022-02-22T22:23:29.677Z DEBUG @wdio/config:utils: Found '@babel/register' package, auto-compiling files with Babel
2022-02-22T22:23:30.807Z DEBUG @wdio/local-runner:utils: init remote session
2022-02-22T22:23:30.813Z DEBUG @wdio/utils:initialiseServices: initialise service "shared-store" as NPM package
2022-02-22T22:23:30.972Z DEBUG @wdio/sync: Finished to run "beforeSession" hook in 2ms
2022-02-22T22:23:31.978Z DEBUG @wdio/local-runner:utils: init remote session
2022-02-22T22:23:31.980Z INFO webdriver: Initiate new session using the WebDriver protocol
2022-02-22T22:23:31.995Z INFO webdriver: [POST] http://143.244.160.107:4445/wd/hub/session
2022-02-22T22:23:31.995Z INFO webdriver: DATA {
  capabilities: {
    alwaysMatch: {
      browserName: 'chrome',
      'goog:chromeOptions': [Object],
      'goog:loggingPrefs': [Object]
    },
    firstMatch: [ {} ]
  },
  desiredCapabilities: {
    browserName: 'chrome',
    'goog:chromeOptions': { args: [Array] },
    'goog:loggingPrefs': { browser: 'ALL' }
  }
}
2022-02-22T22:23:32.774Z DEBUG @wdio/sync: Finished to run "before" hook in 0ms
2022-02-22T22:23:47.699Z INFO webdriver: COMMAND navigateTo("https://qa.tich.academy/denso/a4114b7e-0c72-46e5-ab22-360ad8811ee6")
2022-02-22T22:23:47.700Z INFO webdriver: [POST] http://143.244.160.107:4445/wd/hub/session/943acb1b51f31bbc8496864478d41562/url
2022-02-22T22:23:47.700Z INFO webdriver: DATA {
  url: 'https://qa.tich.academy/denso/a4114b7e-0c72-46e5-ab22-360ad8811ee6'
}
2022-02-22T22:23:55.148Z INFO webdriver: COMMAND executeScript("return (() => localStorage.setItem("debug", "kamaji-client:*")).apply(null, arguments)", <object>)
2022-02-22T22:23:55.148Z INFO webdriver: [POST] http://143.244.160.107:4445/wd/hub/session/943acb1b51f31bbc8496864478d41562/execute/sync
2022-02-22T22:23:55.148Z INFO webdriver: DATA {
  script: 'return (() => localStorage.setItem("debug", "kamaji-client:*")).apply(null, arguments)',
  args: []
}
2022-02-22T22:23:55.233Z INFO webdriver: COMMAND refresh()
2022-02-22T22:23:55.233Z INFO webdriver: [POST] http://143.244.160.107:4445/wd/hub/session/943acb1b51f31bbc8496864478d41562/refresh
2022-02-22T22:23:59.126Z INFO webdriver: COMMAND findElement("css selector", "form input[name=name]")
2022-02-22T22:23:59.126Z INFO webdriver: [POST] http://143.244.160.107:4445/wd/hub/session/943acb1b51f31bbc8496864478d41562/element
2022-02-22T22:23:59.126Z INFO webdriver: DATA { using: 'css selector', value: 'form input[name=name]' }
2022-02-22T22:23:59.268Z INFO webdriver: RESULT {
  'element-6066-11e4-a52e-4f735466cecf': 'bc2414ab-45f7-4279-8fd8-c5af20dcb0ee'
}
2022-02-22T22:23:59.274Z INFO webdriver: COMMAND elementClear("bc2414ab-45f7-4279-8fd8-c5af20dcb0ee")
2022-02-22T22:23:59.274Z INFO webdriver: [POST] http://143.244.160.107:4445/wd/hub/session/943acb1b51f31bbc8496864478d41562/element/bc2414ab-45f7-4279-8fd8-c5af20dcb0ee/clear
2022-02-22T22:23:59.546Z INFO webdriver: COMMAND elementSendKeys("bc2414ab-45f7-4279-8fd8-c5af20dcb0ee", "guest_6")
2022-02-22T22:23:59.546Z INFO webdriver: [POST] http://143.244.160.107:4445/wd/hub/session/943acb1b51f31bbc8496864478d41562/element/bc2414ab-45f7-4279-8fd8-c5af20dcb0ee/value
2022-02-22T22:23:59.546Z INFO webdriver: DATA { text: 'guest_6' }
2022-02-22T22:24:00.079Z INFO webdriver: COMMAND findElement("css selector", "form input[name=email]")
2022-02-22T22:24:00.079Z INFO webdriver: [POST] http://143.244.160.107:4445/wd/hub/session/943acb1b51f31bbc8496864478d41562/element
2022-02-22T22:24:00.079Z INFO webdriver: DATA { using: 'css selector', value: 'form input[name=email]' }
2022-02-22T22:24:00.170Z INFO webdriver: RESULT {
  'element-6066-11e4-a52e-4f735466cecf': 'b2b5fe40-8728-41b8-88c0-a5d64d432652'
}
2022-02-22T22:24:00.175Z INFO webdriver: COMMAND elementClear("b2b5fe40-8728-41b8-88c0-a5d64d432652")
2022-02-22T22:24:00.175Z INFO webdriver: [POST] http://143.244.160.107:4445/wd/hub/session/943acb1b51f31bbc8496864478d41562/element/b2b5fe40-8728-41b8-88c0-a5d64d432652/clear
2022-02-22T22:24:00.373Z INFO webdriver: COMMAND elementSendKeys("b2b5fe40-8728-41b8-88c0-a5d64d432652", "test_guest_A_6@bunsan.io")
2022-02-22T22:24:00.374Z INFO webdriver: [POST] http://143.244.160.107:4445/wd/hub/session/943acb1b51f31bbc8496864478d41562/element/b2b5fe40-8728-41b8-88c0-a5d64d432652/value
2022-02-22T22:24:00.374Z INFO webdriver: DATA { text: 'test_guest_A_6@bunsan.io' }
2022-02-22T22:24:01.322Z INFO webdriver: COMMAND findElement("css selector", "form button[type="submit"]")
2022-02-22T22:24:01.322Z INFO webdriver: [POST] http://143.244.160.107:4445/wd/hub/session/943acb1b51f31bbc8496864478d41562/element
2022-02-22T22:24:01.322Z INFO webdriver: DATA { using: 'css selector', value: 'form button[type="submit"]' }
2022-02-22T22:24:01.412Z INFO webdriver: RESULT {
  'element-6066-11e4-a52e-4f735466cecf': '2251e934-067b-420b-a858-885337eab5ab'
}
2022-02-22T22:24:01.415Z INFO webdriver: COMMAND elementClick("2251e934-067b-420b-a858-885337eab5ab")
2022-02-22T22:24:01.416Z INFO webdriver: [POST] http://143.244.160.107:4445/wd/hub/session/943acb1b51f31bbc8496864478d41562/element/2251e934-067b-420b-a858-885337eab5ab/click
2022-02-22T22:36:01.756Z INFO webdriver: COMMAND findElement("xpath", ".//button[normalize-space() = "Mic"]")
2022-02-22T22:36:01.757Z INFO webdriver: [POST] http://143.244.160.107:4445/wd/hub/session/943acb1b51f31bbc8496864478d41562/element
2022-02-22T22:36:01.757Z INFO webdriver: DATA { using: 'xpath', value: './/button[normalize-space() = "Mic"]' }
2022-02-22T22:36:01.933Z INFO webdriver: RESULT {
  'element-6066-11e4-a52e-4f735466cecf': 'da8474be-3a89-4424-be2e-cb7224162abc'
}
2022-02-22T22:36:01.935Z INFO webdriver: COMMAND elementClick("da8474be-3a89-4424-be2e-cb7224162abc")
2022-02-22T22:36:01.935Z INFO webdriver: [POST] http://143.244.160.107:4445/wd/hub/session/943acb1b51f31bbc8496864478d41562/element/da8474be-3a89-4424-be2e-cb7224162abc/click
2022-02-22T22:36:02.106Z INFO webdriver: COMMAND findElement("xpath", ".//button[normalize-space() = "Camera"]")
2022-02-22T22:36:02.107Z INFO webdriver: [POST] http://143.244.160.107:4445/wd/hub/session/943acb1b51f31bbc8496864478d41562/element
2022-02-22T22:36:02.107Z INFO webdriver: DATA { using: 'xpath', value: './/button[normalize-space() = "Camera"]' }
2022-02-22T22:36:02.359Z INFO webdriver: RESULT {
  'element-6066-11e4-a52e-4f735466cecf': '1915cb3c-bad2-496c-a5e4-6b1c0401378e'
}
2022-02-22T22:36:02.367Z INFO webdriver: COMMAND elementClick("1915cb3c-bad2-496c-a5e4-6b1c0401378e")
2022-02-22T22:36:02.367Z INFO webdriver: [POST] http://143.244.160.107:4445/wd/hub/session/943acb1b51f31bbc8496864478d41562/element/1915cb3c-bad2-496c-a5e4-6b1c0401378e/click
2022-02-22T22:37:02.571Z INFO webdriver: COMMAND findElement("xpath", ".//button[normalize-space() = "Mic"]")
2022-02-22T22:37:02.572Z INFO webdriver: [POST] http://143.244.160.107:4445/wd/hub/session/943acb1b51f31bbc8496864478d41562/element
2022-02-22T22:37:02.572Z INFO webdriver: DATA { using: 'xpath', value: './/button[normalize-space() = "Mic"]' }
2022-02-22T22:37:02.754Z INFO webdriver: RESULT {
  'element-6066-11e4-a52e-4f735466cecf': 'da8474be-3a89-4424-be2e-cb7224162abc'
}
2022-02-22T22:37:02.763Z INFO webdriver: COMMAND elementClick("da8474be-3a89-4424-be2e-cb7224162abc")
2022-02-22T22:37:02.763Z INFO webdriver: [POST] http://143.244.160.107:4445/wd/hub/session/943acb1b51f31bbc8496864478d41562/element/da8474be-3a89-4424-be2e-cb7224162abc/click
2022-02-22T22:37:03.041Z INFO webdriver: COMMAND findElement("xpath", ".//button[normalize-space() = "Camera"]")
2022-02-22T22:37:03.042Z INFO webdriver: [POST] http://143.244.160.107:4445/wd/hub/session/943acb1b51f31bbc8496864478d41562/element
2022-02-22T22:37:03.042Z INFO webdriver: DATA { using: 'xpath', value: './/button[normalize-space() = "Camera"]' }
2022-02-22T22:37:03.531Z INFO webdriver: RESULT {
  'element-6066-11e4-a52e-4f735466cecf': '1915cb3c-bad2-496c-a5e4-6b1c0401378e'
}
2022-02-22T22:37:03.540Z INFO webdriver: COMMAND elementClick("1915cb3c-bad2-496c-a5e4-6b1c0401378e")
2022-02-22T22:37:03.541Z INFO webdriver: [POST] http://143.244.160.107:4445/wd/hub/session/943acb1b51f31bbc8496864478d41562/element/1915cb3c-bad2-496c-a5e4-6b1c0401378e/click
2022-02-22T22:37:03.909Z DEBUG @wdio/sync: Finished to run "afterTest" hook in 0ms
2022-02-22T22:37:03.915Z INFO webdriver: COMMAND findElement("xpath", ".//button[normalize-space() = "Reload session"]")
2022-02-22T22:37:03.915Z INFO webdriver: [POST] http://143.244.160.107:4445/wd/hub/session/943acb1b51f31bbc8496864478d41562/element
2022-02-22T22:37:03.915Z INFO webdriver: DATA {
  using: 'xpath',
  value: './/button[normalize-space() = "Reload session"]'
}
2022-02-22T22:37:04.101Z INFO webdriver: RESULT {
  error: 'no such element',
  message: 'no such element: Unable to locate element: {"method":"xpath","selector":".//button[normalize-space() = "Reload session"]"}\n' +
    '  (Session info: headless chrome=98.0.4758.102)',
  stacktrace: '#0 0x564ab2b21b33 <unknown>\n' +
    '#1 0x564ab25ea6d8 <unknown>\n' +
    '#2 0x564ab26206f1 <unknown>\n' +
    '#3 0x564ab26208b1 <unknown>\n' +
    '#4 0x564ab2653574 <unknown>\n' +
    '#5 0x564ab263e08d <unknown>\n' +
    '#6 0x564ab26512fb <unknown>\n' +
    '#7 0x564ab263df53 <unknown>\n' +
    '#8 0x564ab2613a0a <unknown>\n' +
    '#9 0x564ab2614ad5 <unknown>\n' +
    '#10 0x564ab2b532fd <unknown>\n' +
    '#11 0x564ab2b6c4bb <unknown>\n' +
    '#12 0x564ab2b550d5 <unknown>\n' +
    '#13 0x564ab2b6d145 <unknown>\n' +
    '#14 0x564ab2b48aaf <unknown>\n' +
    '#15 0x564ab2b89ba8 <unknown>\n' +
    '#16 0x564ab2b89d28 <unknown>\n' +
    '#17 0x564ab2ba448d <unknown>\n' +
    '#18 0x7f628e3c76db <unknown>\n'
}
2022-02-22T22:37:04.109Z INFO webdriver: COMMAND findElements("xpath", ".//button[normalize-space() = "Reload session"]")
2022-02-22T22:37:04.109Z INFO webdriver: [POST] http://143.244.160.107:4445/wd/hub/session/943acb1b51f31bbc8496864478d41562/elements
2022-02-22T22:37:04.109Z INFO webdriver: DATA {
  using: 'xpath',
  value: './/button[normalize-space() = "Reload session"]'
}
2022-02-22T22:37:04.207Z INFO webdriver: RESULT []
2022-02-22T22:38:04.227Z DEBUG @wdio/sync: Finished to run "afterTest" hook in 1ms
2022-02-22T22:38:04.230Z INFO webdriver: COMMAND takeScreenshot()
2022-02-22T22:38:04.230Z INFO webdriver: [GET] http://143.244.160.107:4445/wd/hub/session/943acb1b51f31bbc8496864478d41562/screenshot
2022-02-22T22:38:05.121Z INFO webdriver: RESULT iVBORw0KGgoAAAANSUhEUgAABQAAAAMgCAYAAAB8mM/7AAAAAXNSR0IArs4c6...
2022-02-22T22:38:05.143Z INFO webdriver: COMMAND takeScreenshot()
2022-02-22T22:38:05.143Z INFO webdriver: [GET] http://143.244.160.107:4445/wd/hub/session/943acb1b51f31bbc8496864478d41562/screenshot
2022-02-22T22:38:05.740Z INFO webdriver: RESULT iVBORw0KGgoAAAANSUhEUgAABQAAAAMgCAYAAAB8mM/7AAAAAXNSR0IArs4c6...
2022-02-22T22:38:05.747Z DEBUG @wdio/sync: Finished to run "afterTest" hook in 604ms
2022-02-22T22:38:05.763Z DEBUG @wdio/sync: Finished to run "afterSuite" hook in 0ms
2022-02-22T22:38:05.765Z INFO webdriver: COMMAND getLogTypes()
2022-02-22T22:38:05.766Z INFO webdriver: [GET] http://143.244.160.107:4445/wd/hub/session/943acb1b51f31bbc8496864478d41562/se/log/types
2022-02-22T22:38:05.840Z INFO webdriver: RESULT [ 'browser', 'driver' ]
2022-02-22T22:38:05.840Z DEBUG @wdio/runner: Fetching logs for browser, driver
2022-02-22T22:38:05.841Z INFO webdriver: COMMAND getLogs("browser")
2022-02-22T22:38:05.841Z INFO webdriver: [POST] http://143.244.160.107:4445/wd/hub/session/943acb1b51f31bbc8496864478d41562/se/log
2022-02-22T22:38:05.841Z INFO webdriver: DATA { type: 'browser' }
2022-02-22T22:38:05.842Z INFO webdriver: COMMAND getLogs("driver")
2022-02-22T22:38:05.842Z INFO webdriver: [POST] http://143.244.160.107:4445/wd/hub/session/943acb1b51f31bbc8496864478d41562/se/log
2022-02-22T22:38:05.842Z INFO webdriver: DATA { type: 'driver' }
2022-02-22T22:38:05.986Z INFO webdriver: RESULT []
2022-02-22T22:38:05.997Z INFO webdriver: RESULT [
  {
    level: 'INFO',
    message: 'https://qa.tich.academy/denso/_nuxt/674bd6a.js 1:79363 "Download the Vue Devtools extension for a better development experience:\\nhttps://github.com/vuejs/vue-devtools"',
    source: 'console-api',
    timestamp: 1645568629967
  },
  {
    level: 'INFO',
    message: 'https://qa.tich.academy/denso/_nuxt/674bd6a.js 1:79565 "You are running Vue in development mode.\\nMake sure to turn on production mode when deploying for production.\\nSee more tips at https://vuejs.org/guide/deployment.html"',
    source: 'console-api',
    timestamp: 1645568629967
  },
  {
    level: 'INFO',
    message: 'https://qa.tich.academy/denso/_nuxt/674bd6a.js 1:79363 "Download the Vue Devtools extension for a better development experience:\\nhttps://github.com/vuejs/vue-devtools"',
    source: 'console-api',
    timestamp: 1645568636672
  },
  {
    level: 'INFO',
    message: 'https://qa.tich.academy/denso/_nuxt/674bd6a.js 1:79565 "You are running Vue in development mode.\\nMake sure to turn on production mode when deploying for production.\\nSee more tips at https://vuejs.org/guide/deployment.html"',
    source: 'console-api',
    timestamp: 1645568636672
  },
  {
    level: 'INFO',
    message: 'https://qa.tich.academy/denso/_nuxt/e51eeb8.js 1:1502812 "%cdenso-client:SessionChannelService %cjoinChannel() | Success joining web_lobby:5ba58205-daee-4e23-bbea-46257ea3da14:6f511cc0-62e1-4728-b17c-a279cd1e2d2d%c +0ms" "color: #CC00FF" "color: inherit" "color: #CC00FF"',
    source: 'console-api',
    timestamp: 1645569362055
  },
  {
    level: 'INFO',
    message: 'https://qa.tich.academy/denso/_nuxt/e51eeb8.js 1:1502812 "%cdenso-client:SessionChannelService %cjoinChannel() | Success joining board:6f511cc0-62e1-4728-b17c-a279cd1e2d2d%c +52ms" "color: #CC00FF" "color: inherit" "color: #CC00FF"',
    source: 'console-api',
    timestamp: 1645569362055
  },
  {
    level: 'INFO',
    message: 'https://qa.tich.academy/denso/_nuxt/e51eeb8.js 1:1502812 "%cdenso-client:SessionChannelService %cjoinChannel() | Success joining page:6f511cc0-62e1-4728-b17c-a279cd1e2d2d%c +1ms" "color: #CC00FF" "color: inherit" "color: #CC00FF"',
    source: 'console-api',
    timestamp: 1645569362055
  },
  {
    level: 'INFO',
    message: 'https://qa.tich.academy/denso/_nuxt/e51eeb8.js 1:1502812 "%cdenso-client:SessionChannelService %cconnect() | Connected to session a4114b7e-0c72-46e5-ab22-360ad8811ee6 channels%c +0ms" "color: #CC00FF" "color: inherit" "color: #CC00FF"',
    source: 'console-api',
    timestamp: 1645569362055
  },
  {
    level: 'DEBUG',
    message: 'https://qa.tich.academy/denso/_nuxt/e51eeb8.js 1:1502812 "%ckamaji-client:Client %cKamaji client v. 0.1.5 initialized%c +0ms" "color: #FF0000" "color: inherit" "color: #FF0000"',
    source: 'console-api',
    timestamp: 1645569362055
  },
  {
    level: 'DEBUG',
    message: 'https://qa.tich.academy/denso/_nuxt/e51eeb8.js 1:1502812 "%ckamaji-client:Client %cjoin() | Joining to a4114b7e-0c72-46e5-ab22-360ad8811ee6%c +1ms" "color: #FF0000" "color: inherit" "color: #FF0000"',
    source: 'console-api',
    timestamp: 1645569362055
  },
  {
    level: 'DEBUG',
    message: 'https://qa.tich.academy/denso/_nuxt/e51eeb8.js 1:1502812 "%ckamaji-client:ApiService %cgetRtpCapabilities() | [object Object]%c +0ms" "color: #33CCCC" "color: inherit" "color: #33CCCC"',
    source: 'console-api',
    timestamp: 1645569362055
  },
  {
    level: 'DEBUG',
    message: 'https://qa.tich.academy/denso/_nuxt/e51eeb8.js 1:1502812 "%ckamaji-client:RoomChannel %cconnect()%c +0ms" "color: #9933FF" "color: inherit" "color: #9933FF"',
    source: 'console-api',
    timestamp: 1645569362056
  },
  {
    level: 'DEBUG',
    message: 'https://qa.tich.academy/denso/_nuxt/e51eeb8.js 1:1502812 "%ckamaji-client:RoomChannel %cconnect() | Connected to wss://qa.tich.academy/kamaji/socket @room a4114b7e-0c72-46e5-ab22-360ad8811ee6%c +65ms" "color: #9933FF" "color: inherit" "color: #9933FF"',
    source: 'console-api',
    timestamp: 1645569362056
  },
  {
    level: 'DEBUG',
    message: 'https://qa.tich.academy/denso/_nuxt/e51eeb8.js 1:1502812 "%ckamaji-client:Client %cjoin() | ICE servers were configured%c +261ms" "color: #FF0000" "color: inherit" "color: #FF0000"',
    source: 'console-api',
    timestamp: 1645569362056
  },
  {
    level: 'DEBUG',
    message: 'https://qa.tich.academy/denso/_nuxt/e51eeb8.js 1:1502812 "%ckamaji-client:Client %csetClientConnection() | \\n sendTransport: 008023e2-4d3d-424d-976c-cad840a5ddb8 \\n recvTransport: b0c04fea-6e50-4d52-b240-6be20de6556f%c +29ms" "color: #FF0000" "color: inherit" "color: #FF0000"',
    source: 'console-api',
    timestamp: 1645569362056
  },
  {
    level: 'INFO',
    message: 'https://qa.tich.academy/denso/_nuxt/e51eeb8.js 1:1502812 "%cdenso-client:PresenceStore %csyncOnlineUsers() | Online users: ef616c69-7968-4b09-9551-3fb3e419b4cb,eb1acc54-715f-4933-87e6-5c99dadcf8b9,8f1434b4-2e2c-4041-84f3-bf60729e116f,704e55d5-eb72-48c3-a3c3-2ca8b53e6301,5ba58205-daee-4e23-bbea-46257ea3da14,52fcd444-2e79-4cee-acc7-33cd479c7a95,1dfc473c-7ca2-4c15-877b-0185064d625d,0f48bca8-f207-488d-a49d-cadd59d70663%c +0ms" "color: #FF3399" "color: inherit" "color: #FF3399"',
    source: 'console-api',
    timestamp: 1645569362056
  },
  {
    level: 'DEBUG',
    message: 'https://qa.tich.academy/denso/_nuxt/e51eeb8.js 1:1502812 "%ckamaji-client:Client %conVolumes() | not found receiver connected to producer: 42ba8be2-fc84-4ad1-a0f5-7e1aaade12ee%c +2s" "color: #FF0000" "color: inherit" "color: #FF0000"',
    source: 'console-api',
    timestamp: 1645569362056
  },
  {
    level: 'DEBUG',
    message: 'https://qa.tich.academy/denso/_nuxt/e51eeb8.js 1:1502812 "%ckamaji-client:Client %conVolumes() | not found receiver connected to producer: 42ba8be2-fc84-4ad1-a0f5-7e1aaade12ee%c +37ms" "color: #FF0000" "color: inherit" "color: #FF0000"',
    source: 'console-api',
    timestamp: 1645569362056
  },
  {
    level: 'DEBUG',
    message: 'https://qa.tich.academy/denso/_nuxt/e51eeb8.js 1:1502812 "%ckamaji-client:Client %conVolumes() | not found receiver connected to producer: 42ba8be2-fc84-4ad1-a0f5-7e1aaade12ee%c +313ms" "color: #FF0000" "color: inherit" "color: #FF0000"',
    source: 'console-api',
    timestamp: 1645569362057
  },
  {
    level: 'DEBUG',
    message: 'https://qa.tich.academy/denso/_nuxt/e51eeb8.js 1:1502812 "%ckamaji-client:RoomChannel %cconnectTransport() | Peer: 6ba59e02-7642-4fbc-a72d-408dba13dad0 \\n Transport: b0c04fea-6e50-4d52-b240-6be20de6556f%c +2s" "color: #9933FF" "color: inherit" "color: #9933FF"',
    source: 'console-api',
    timestamp: 1645569362057
  },
  {
    level: 'DEBUG',
    message: 'https://qa.tich.academy/denso/_nuxt/e51eeb8.js 1:1502812 "%ckamaji-client:Client %conConnectTransport() | transport connected: b0c04fea-6e50-4d52-b240-6be20de6556f%c +20ms" "color: #FF0000" "color: inherit" "color: #FF0000"',
    source: 'console-api',
    timestamp: 1645569362057
  },
  {
    level: 'DEBUG',
    message: 'https://qa.tich.academy/denso/_nuxt/e51eeb8.js 1:1502812 "%ckamaji-client:RoomChannel %cresumeConsumer() | 6ba59e02-7642-4fbc-a72d-408dba13dad0:7b9ed854-a027-4d6c-945b-6d0924e7025b%c +76ms" "color: #9933FF" "color: inherit" "color: #9933FF"',
    source: 'console-api',
    timestamp: 1645569362057
  },
  {
    level: 'INFO',
    message: 'https://qa.tich.academy/denso/_nuxt/e51eeb8.js 1:1502812 "%cdenso-client:PresenceStore %csetUserReceiver() | User: ef616c69-7968-4b09-9551-3fb3e419b4cb:7b9ed854-a027-4d6c-945b-6d0924e7025b:audio%c +2s" "color: #FF3399" "color: inherit" "color: #FF3399"',
    source: 'console-api',
    timestamp: 1645569362057
  },
  {
    level: 'DEBUG',
    message: 'https://qa.tich.academy/denso/_nuxt/e51eeb8.js 1:1502812 "%ckamaji-client:Client %ccreateReceiver() | receiver created 7b9ed854-a027-4d6c-945b-6d0924e7025b%c +97ms" "color: #FF0000" "color: inherit" "color: #FF0000"',
    source: 'console-api',
    timestamp: 1645569362057
  },
  {
    level: 'WARNING',
    message: 'https://qa.tich.academy/denso/_nuxt/e51eeb8.js 1:1502812 "%cdenso-client:WARN:StreamPlayer %csetupStream() | Stream 7b9ed854-a027-4d6c-945b-6d0924e7025b will play muted%c +0ms" "color: #FF3366" "color: inherit" "color: #FF3366"',
    source: 'console-api',
    timestamp: 1645569362057
  },
  {
    level: 'DEBUG',
    message: 'https://qa.tich.academy/denso/_nuxt/e51eeb8.js 1:1502812 "%ckamaji-client:RoomChannel %cresumeConsumer() | 6ba59e02-7642-4fbc-a72d-408dba13dad0:7791c7a8-d21d-4b0d-bee2-c6e66fba2ccc%c +150ms" "color: #9933FF" "color: inherit" "color: #9933FF"',
    source: 'console-api',
    timestamp: 1645569362057
  },
  {
    level: 'DEBUG',
    message: 'https://qa.tich.academy/denso/_nuxt/e51eeb8.js 1:1502812 "%ckamaji-client:RoomChannel %cresumeConsumer() | 6ba59e02-7642-4fbc-a72d-408dba13dad0:4b9d80ba-e612-47aa-8731-bf8838ff704e%c +4ms" "color: #9933FF" "color: inherit" "color: #9933FF"',
    source: 'console-api',
    timestamp: 1645569362057
  },
  {
    level: 'DEBUG',
    message: 'https://qa.tich.academy/denso/_nuxt/e51eeb8.js 1:1502812 "%ckamaji-client:RoomChannel %cresumeConsumer() | 6ba59e02-7642-4fbc-a72d-408dba13dad0:3aa7fa11-3746-4ad8-a971-3efb98dff10d%c +1ms" "color: #9933FF" "color: inherit" "color: #9933FF"',
    source: 'console-api',
    timestamp: 1645569362057
  },
  {
    level: 'INFO',
    message: 'https://qa.tich.academy/denso/_nuxt/e51eeb8.js 1:1502812 "%cdenso-client:PresenceStore %csetUserReceiver() | User: 8f1434b4-2e2c-4041-84f3-bf60729e116f:7791c7a8-d21d-4b0d-bee2-c6e66fba2ccc:audio%c +185ms" "color: #FF3399" "color: inherit" "color: #FF3399"',
    source: 'console-api',
    timestamp: 1645569362057
  },
  {
    level: 'DEBUG',
    message: 'https://qa.tich.academy/denso/_nuxt/e51eeb8.js 1:1502812 "%ckamaji-client:Client %ccreateReceiver() | receiver created 7791c7a8-d21d-4b0d-bee2-c6e66fba2ccc%c +183ms" "color: #FF0000" "color: inherit" "color: #FF0000"',
    source: 'console-api',
    timestamp: 1645569362057
  },
  {
    level: 'WARNING',
    message: 'https://qa.tich.academy/denso/_nuxt/e51eeb8.js 1:1502812 "%cdenso-client:WARN:StreamPlayer %csetupStream() | Stream 7791c7a8-d21d-4b0d-bee2-c6e66fba2ccc will play muted%c +180ms" "color: #FF3366" "color: inherit" "color: #FF3366"',
    source: 'console-api',
    timestamp: 1645569362057
  },
  {
    level: 'INFO',
    message: 'https://qa.tich.academy/denso/_nuxt/e51eeb8.js 1:1502812 "%cdenso-client:PresenceStore %csetUserReceiver() | User: 52fcd444-2e79-4cee-acc7-33cd479c7a95:4b9d80ba-e612-47aa-8731-bf8838ff704e:audio%c +23ms" "color: #FF3399" "color: inherit" "color: #FF3399"',
    source: 'console-api',
    timestamp: 1645569362057
  },
  {
    level: 'DEBUG',
    message: 'https://qa.tich.academy/denso/_nuxt/e51eeb8.js 1:1502812 "%ckamaji-client:Client %ccreateReceiver() | receiver created 4b9d80ba-e612-47aa-8731-bf8838ff704e%c +23ms" "color: #FF0000" "color: inherit" "color: #FF0000"',
    source: 'console-api',
    timestamp: 1645569362057
  },
  {
    level: 'INFO',
    message: 'https://qa.tich.academy/denso/_nuxt/e51eeb8.js 1:1502812 "%cdenso-client:PresenceStore %csetUserReceiver() | User: 52fcd444-2e79-4cee-acc7-33cd479c7a95:3aa7fa11-3746-4ad8-a971-3efb98dff10d:video%c +22ms" "color: #FF3399" "color: inherit" "color: #FF3399"',
    source: 'console-api',
    timestamp: 1645569362057
  },
  {
    level: 'DEBUG',
    message: 'https://qa.tich.academy/denso/_nuxt/e51eeb8.js 1:1502812 "%ckamaji-client:Client %ccreateReceiver() | receiver created 3aa7fa11-3746-4ad8-a971-3efb98dff10d%c +26ms" "color: #FF0000" "color: inherit" "color: #FF0000"',
    source: 'console-api',
    timestamp: 1645569362057
  },
  {
    level: 'DEBUG',
    message: 'https://qa.tich.academy/denso/_nuxt/e51eeb8.js 1:1502812 "%ckamaji-client:Client %conProducerUpdate() | receiver notified%c +39s" "color: #FF0000" "color: inherit" "color: #FF0000"',
    source: 'console-api',
    timestamp: 1645569362058
  },
  {
    level: 'DEBUG',
    message: 'https://qa.tich.academy/denso/_nuxt/e51eeb8.js 1:1502812 "%ckamaji-client:Client %conProducerUpdate() | receiver notified%c +488ms" "color: #FF0000" "color: inherit" "color: #FF0000"',
    source: 'console-api',
    timestamp: 1645569362058
  },
  {
    level: 'DEBUG',
    message: 'https://qa.tich.academy/denso/_nuxt/e51eeb8.js 1:1502812 "%ckamaji-client:RoomChannel %cconsume() | 99813273-830e-4520-9c7c-e82fa3ea85bf:cbd12585-d018-4374-8a9b-354a9c0f8fb1%c +4m" "color: #9933FF" "color: inherit" "color: #9933FF"',
    source: 'console-api',
    timestamp: 1645569362058
  },
  {
    level: 'DEBUG',
    message: 'https://qa.tich.academy/denso/_nuxt/e51eeb8.js 1:1502812 "%ckamaji-client:RoomChannel %cresumeConsumer() | 6ba59e02-7642-4fbc-a72d-408dba13dad0:31499cf7-4c92-476d-9a3d-b76199a98b65%c +38ms" "color: #9933FF" "color: inherit" "color: #9933FF"',
    source: 'console-api',
    timestamp: 1645569362058
  },
  {
    level: 'INFO',
    message: 'https://qa.tich.academy/denso/_nuxt/e51eeb8.js 1:1502812 "%cdenso-client:PresenceStore %csetUserReceiver() | User: 0f48bca8-f207-488d-a49d-cadd59d70663:31499cf7-4c92-476d-9a3d-b76199a98b65:audio%c +4m" "color: #FF3399" "color: inherit" "color: #FF3399"',
    source: 'console-api',
    timestamp: 1645569362058
  },
  {
    level: 'DEBUG',
    message: 'https://qa.tich.academy/denso/_nuxt/e51eeb8.js 1:1502812 "%ckamaji-client:Client %ccreateReceiver() | receiver created 31499cf7-4c92-476d-9a3d-b76199a98b65%c +3m" "color: #FF0000" "color: inherit" "color: #FF0000"',
    source: 'console-api',
    timestamp: 1645569362058
  },
  {
    level: 'DEBUG',
    message: 'https://qa.tich.academy/denso/_nuxt/e51eeb8.js 1:1502812 "%ckamaji-client:Client %conNewProducer() | receiver created%c +23ms" "color: #FF0000" "color: inherit" "color: #FF0000"',
    source: 'console-api',
    timestamp: 1645569362058
  },
  {
    level: 'DEBUG',
    message: 'https://qa.tich.academy/denso/_nuxt/e51eeb8.js 1:1502812 "%ckamaji-client:RoomChannel %cconsume() | 99813273-830e-4520-9c7c-e82fa3ea85bf:efe12c86-0007-49da-9d87-88206c4f9658%c +244ms" "color: #9933FF" "color: inherit" "color: #9933FF"',
    source: 'console-api',
    timestamp: 1645569362058
  },
  {
    level: 'DEBUG',
    message: 'https://qa.tich.academy/denso/_nuxt/e51eeb8.js 1:1502812 "%ckamaji-client:RoomChannel %cresumeConsumer() | 6ba59e02-7642-4fbc-a72d-408dba13dad0:b7f460ec-22a3-4d77-acc7-3d24c821e0f0%c +61ms" "color: #9933FF" "color: inherit" "color: #9933FF"',
    source: 'console-api',
    timestamp: 1645569362058
  },
  {
    level: 'INFO',
    message: 'https://qa.tich.academy/denso/_nuxt/e51eeb8.js 1:1502812 "%cdenso-client:PresenceStore %csetUserReceiver() | User: 0f48bca8-f207-488d-a49d-cadd59d70663:b7f460ec-22a3-4d77-acc7-3d24c821e0f0:video%c +284ms" "color: #FF3399" "color: inherit" "color: #FF3399"',
    source: 'console-api',
    timestamp: 1645569362058
  },
  {
    level: 'DEBUG',
    message: 'https://qa.tich.academy/denso/_nuxt/e51eeb8.js 1:1502812 "%ckamaji-client:Client %ccreateReceiver() | receiver created b7f460ec-22a3-4d77-acc7-3d24c821e0f0%c +257ms" "color: #FF0000" "color: inherit" "color: #FF0000"',
    source: 'console-api',
    timestamp: 1645569362058
  },
  {
    level: 'DEBUG',
    message: 'https://qa.tich.academy/denso/_nuxt/e51eeb8.js 1:1502812 "%ckamaji-client:Client %conNewProducer() | receiver created%c +59ms" "color: #FF0000" "color: inherit" "color: #FF0000"',
    source: 'console-api',
    timestamp: 1645569362058
  },
  {
    level: 'DEBUG',
    message: 'https://qa.tich.academy/denso/_nuxt/e51eeb8.js 1:1502812 "%ckamaji-client:Client %conProducerUpdate() | receiver notified%c +1m" "color: #FF0000" "color: inherit" "color: #FF0000"',
    source: 'console-api',
    timestamp: 1645569362058
  },
  {
    level: 'DEBUG',
    message: 'https://qa.tich.academy/denso/_nuxt/e51eeb8.js 1:1502812 "%ckamaji-client:Client %conProducerUpdate() | receiver notified%c +605ms" "color: #FF0000" "color: inherit" "color: #FF0000"',
    source: 'console-api',
    timestamp: 1645569362058
  },
  {
    level: 'DEBUG',
    message: 'https://qa.tich.academy/denso/_nuxt/e51eeb8.js 1:1502812 "%ckamaji-client:RoomChannel %cconsume() | 00617b2a-4e60-49ed-af06-909c07ace96a:4d6320a0-fde5-4049-ab6b-12ac8d7e5e74%c +2m" "color: #9933FF" "color: inherit" "color: #9933FF"',
    source: 'console-api',
    timestamp: 1645569362058
  },
  {
    level: 'DEBUG',
    message: 'https://qa.tich.academy/denso/_nuxt/e51eeb8.js 1:1502812 "%ckamaji-client:RoomChannel %cresumeConsumer() | 6ba59e02-7642-4fbc-a72d-408dba13dad0:eda51f45-49e1-48cd-91c0-ce37fc1cf68b%c +89ms" "color: #9933FF" "color: inherit" "color: #9933FF"',
    source: 'console-api',
    timestamp: 1645569362058
  },
  {
    level: 'INFO',
    message: 'https://qa.tich.academy/denso/_nuxt/e51eeb8.js 1:1502812 "%cdenso-client:PresenceStore %csetUserReceiver() | User: 704e55d5-eb72-48c3-a3c3-2ca8b53e6301:eda51f45-49e1-48cd-91c0-ce37fc1cf68b:audio%c +2m" "color: #FF3399" "color: inherit" "color: #FF3399"',
    source: 'console-api',
    timestamp: 1645569362058
  },
  {
    level: 'DEBUG',
    message: 'https://qa.tich.academy/denso/_nuxt/e51eeb8.js 1:1502812 "%ckamaji-client:Client %ccreateReceiver() | receiver created eda51f45-49e1-48cd-91c0-ce37fc1cf68b%c +1m" "color: #FF0000" "color: inherit" "color: #FF0000"',
    source: 'console-api',
    timestamp: 1645569362058
  },
  {
    level: 'DEBUG',
    message: 'https://qa.tich.academy/denso/_nuxt/e51eeb8.js 1:1502812 "%ckamaji-client:Client %conNewProducer() | receiver created%c +2ms" "color: #FF0000" "color: inherit" "color: #FF0000"',
    source: 'console-api',
    timestamp: 1645569362058
  },
  {
    level: 'DEBUG',
    message: 'https://qa.tich.academy/denso/_nuxt/e51eeb8.js 1:1502812 "%ckamaji-client:RoomChannel %cconsume() | 00617b2a-4e60-49ed-af06-909c07ace96a:7b58ea02-42db-453c-a2f1-0751163d8b2a%c +225ms" "color: #9933FF" "color: inherit" "color: #9933FF"',
    source: 'console-api',
    timestamp: 1645569362058
  },
  {
    level: 'DEBUG',
    message: 'https://qa.tich.academy/denso/_nuxt/e51eeb8.js 1:1502812 "%ckamaji-client:RoomChannel %cresumeConsumer() | 6ba59e02-7642-4fbc-a72d-408dba13dad0:37ef7b1b-b609-400f-84b7-ce024134e1d0%c +98ms" "color: #9933FF" "color: inherit" "color: #9933FF"',
    source: 'console-api',
    timestamp: 1645569362059
  },
  {
    level: 'INFO',
    message: 'https://qa.tich.academy/denso/_nuxt/e51eeb8.js 1:1502812 "%cdenso-client:PresenceStore %csetUserReceiver() | User: 704e55d5-eb72-48c3-a3c3-2ca8b53e6301:37ef7b1b-b609-400f-84b7-ce024134e1d0:video%c +367ms" "color: #FF3399" "color: inherit" "color: #FF3399"',
    source: 'console-api',
    timestamp: 1645569362059
  },
  {
    level: 'DEBUG',
    message: 'https://qa.tich.academy/denso/_nuxt/e51eeb8.js 1:1502812 "%ckamaji-client:Client %ccreateReceiver() | receiver created 37ef7b1b-b609-400f-84b7-ce024134e1d0%c +366ms" "color: #FF0000" "color: inherit" "color: #FF0000"',
    source: 'console-api',
    timestamp: 1645569362059
  },
  {
    level: 'DEBUG',
    message: 'https://qa.tich.academy/denso/_nuxt/e51eeb8.js 1:1502812 "%ckamaji-client:Client %conNewProducer() | receiver created%c +68ms" "color: #FF0000" "color: inherit" "color: #FF0000"',
    source: 'console-api',
    timestamp: 1645569362059
  },
  {
    level: 'DEBUG',
    message: 'https://qa.tich.academy/denso/_nuxt/e51eeb8.js 1:1502812 "%ckamaji-client:Client %conProducerUpdate() | receiver notified%c +1m" "color: #FF0000" "color: inherit" "color: #FF0000"',
    source: 'console-api',
    timestamp: 1645569362059
  },
  {
    level: 'DEBUG',
    message: 'https://qa.tich.academy/denso/_nuxt/e51eeb8.js 1:1502812 "%ckamaji-client:Client %conProducerUpdate() | receiver notified%c +610ms" "color: #FF0000" "color: inherit" "color: #FF0000"',
    source: 'console-api',
    timestamp: 1645569362059
  },
  {
    level: 'DEBUG',
    message: 'https://qa.tich.academy/denso/_nuxt/e51eeb8.js 1:1502812 "%ckamaji-client:RoomChannel %cconsume() | 54637edf-52ce-4d86-b977-3119a1f323b5:fba75f62-5d3c-4e32-aece-0d74301db549%c +2m" "color: #9933FF" "color: inherit" "color: #9933FF"',
    source: 'console-api',
    timestamp: 1645569362059
  },
  {
    level: 'DEBUG',
    message: 'https://qa.tich.academy/denso/_nuxt/e51eeb8.js 1:1502812 "%ckamaji-client:RoomChannel %cresumeConsumer() | 6ba59e02-7642-4fbc-a72d-408dba13dad0:2c4da219-75e5-4f9d-9ddb-1543aa203a4c%c +135ms" "color: #9933FF" "color: inherit" "color: #9933FF"',
    source: 'console-api',
    timestamp: 1645569362059
  },
  {
    level: 'INFO',
    message: 'https://qa.tich.academy/denso/_nuxt/e51eeb8.js 1:1502812 "%cdenso-client:PresenceStore %csetUserReceiver() | User: eb1acc54-715f-4933-87e6-5c99dadcf8b9:2c4da219-75e5-4f9d-9ddb-1543aa203a4c:audio%c +2m" "color: #FF3399" "color: inherit" "color: #FF3399"',
    source: 'console-api',
    timestamp: 1645569362059
  },
  {
    level: 'DEBUG',
    message: 'https://qa.tich.academy/denso/_nuxt/e51eeb8.js 1:1502812 "%ckamaji-client:Client %ccreateReceiver() | receiver created 2c4da219-75e5-4f9d-9ddb-1543aa203a4c%c +1m" "color: #FF0000" "color: inherit" "color: #FF0000"',
    source: 'console-api',
    timestamp: 1645569362059
  },
  {
    level: 'DEBUG',
    message: 'https://qa.tich.academy/denso/_nuxt/e51eeb8.js 1:1502812 "%ckamaji-client:Client %conNewProducer() | receiver created%c +11ms" "color: #FF0000" "color: inherit" "color: #FF0000"',
    source: 'console-api',
    timestamp: 1645569362059
  },
  {
    level: 'DEBUG',
    message: 'https://qa.tich.academy/denso/_nuxt/e51eeb8.js 1:1502812 "%ckamaji-client:RoomChannel %cconsume() | 54637edf-52ce-4d86-b977-3119a1f323b5:35c86457-6de9-47da-b29f-e04aed92c988%c +301ms" "color: #9933FF" "color: inherit" "color: #9933FF"',
    source: 'console-api',
    timestamp: 1645569362059
  },
  {
    level: 'DEBUG',
    message: 'https://qa.tich.academy/denso/_nuxt/e51eeb8.js 1:1502812 "%ckamaji-client:RoomChannel %cresumeConsumer() | 6ba59e02-7642-4fbc-a72d-408dba13dad0:df4f4b5c-8187-4cd3-bd1f-def26c393865%c +114ms" "color: #9933FF" "color: inherit" "color: #9933FF"',
    source: 'console-api',
    timestamp: 1645569362059
  },
  {
    level: 'INFO',
    message: 'https://qa.tich.academy/denso/_nuxt/e51eeb8.js 1:1502812 "%cdenso-client:PresenceStore %csetUserReceiver() | User: eb1acc54-715f-4933-87e6-5c99dadcf8b9:df4f4b5c-8187-4cd3-bd1f-def26c393865:video%c +419ms" "color: #FF3399" "color: inherit" "color: #FF3399"',
    source: 'console-api',
    timestamp: 1645569362059
  },
  {
    level: 'DEBUG',
    message: 'https://qa.tich.academy/denso/_nuxt/e51eeb8.js 1:1502812 "%ckamaji-client:Client %ccreateReceiver() | receiver created df4f4b5c-8187-4cd3-bd1f-def26c393865%c +408ms" "color: #FF0000" "color: inherit" "color: #FF0000"',
    source: 'console-api',
    timestamp: 1645569362059
  },
  {
    level: 'DEBUG',
    message: 'https://qa.tich.academy/denso/_nuxt/e51eeb8.js 1:1502812 "%ckamaji-client:Client %conNewProducer() | receiver created%c +61ms" "color: #FF0000" "color: inherit" "color: #FF0000"',
    source: 'console-api',
    timestamp: 1645569362059
  },
  {
    level: 'DEBUG',
    message: 'https://qa.tich.academy/denso/_nuxt/e51eeb8.js 1:1502812 "%ckamaji-client:Client %conProducerUpdate() | receiver notified%c +1m" "color: #FF0000" "color: inherit" "color: #FF0000"',
    source: 'console-api',
    timestamp: 1645569362059
  },
  {
    level: 'DEBUG',
    message: 'https://qa.tich.academy/denso/_nuxt/e51eeb8.js 1:1502812 "%ckamaji-client:Client %conProducerUpdate() | receiver notified%c +554ms" "color: #FF0000" "color: inherit" "color: #FF0000"',
    source: 'console-api',
    timestamp: 1645569362060
  },
  {
    level: 'DEBUG',
    message: 'https://qa.tich.academy/denso/_nuxt/e51eeb8.js 1:1502812 "%ckamaji-client:RoomChannel %cconsume() | 36798ee0-0af1-4f64-b846-83bfdb09b16b:406e790d-2b87-4a93-9081-d0c8b9abc060%c +2m" "color: #9933FF" "color: inherit" "color: #9933FF"',
    source: 'console-api',
    timestamp: 1645569362060
  },
  {
    level: 'DEBUG',
    message: 'https://qa.tich.academy/denso/_nuxt/e51eeb8.js 1:1502812 "%ckamaji-client:RoomChannel %cresumeConsumer() | 6ba59e02-7642-4fbc-a72d-408dba13dad0:96729590-f717-4110-8dbb-54cec008aa76%c +154ms" "color: #9933FF" "color: inherit" "color: #9933FF"',
    source: 'console-api',
    timestamp: 1645569362060
  },
  {
    level: 'INFO',
    message: 'https://qa.tich.academy/denso/_nuxt/e51eeb8.js 1:1502812 "%cdenso-client:PresenceStore %csetUserReceiver() | User: 1dfc473c-7ca2-4c15-877b-0185064d625d:96729590-f717-4110-8dbb-54cec008aa76:audio%c +2m" "color: #FF3399" "color: inherit" "color: #FF3399"',
    source: 'console-api',
    timestamp: 1645569362060
  },
  {
    level: 'DEBUG',
    message: 'https://qa.tich.academy/denso/_nuxt/e51eeb8.js 1:1502812 "%ckamaji-client:Client %ccreateReceiver() | receiver created 96729590-f717-4110-8dbb-54cec008aa76%c +1m" "color: #FF0000" "color: inherit" "color: #FF0000"',
    source: 'console-api',
    timestamp: 1645569362060
  },
  {
    level: 'DEBUG',
    message: 'https://qa.tich.academy/denso/_nuxt/e51eeb8.js 1:1502812 "%ckamaji-client:Client %conNewProducer() | receiver created%c +40ms" "color: #FF0000" "color: inherit" "color: #FF0000"',
    source: 'console-api',
    timestamp: 1645569362060
  },
  {
    level: 'DEBUG',
    message: 'https://qa.tich.academy/denso/_nuxt/e51eeb8.js 1:1502812 "%ckamaji-client:RoomChannel %cconsume() | 36798ee0-0af1-4f64-b846-83bfdb09b16b:5e2df89c-e2fa-48e9-b872-6f080dc79468%c +356ms" "color: #9933FF" "color: inherit" "color: #9933FF"',
    source: 'console-api',
    timestamp: 1645569362060
  },
  {
    level: 'DEBUG',
    message: 'https://qa.tich.academy/denso/_nuxt/e51eeb8.js 1:1502812 "%ckamaji-client:RoomChannel %cresumeConsumer() | 6ba59e02-7642-4fbc-a72d-408dba13dad0:6cd58a14-cf27-4594-a82f-0a3ad39335fd%c +262ms" "color: #9933FF" "color: inherit" "color: #9933FF"',
    source: 'console-api',
    timestamp: 1645569362060
  },
  {
    level: 'INFO',
    message: 'https://qa.tich.academy/denso/_nuxt/e51eeb8.js 1:1502812 "%cdenso-client:PresenceStore %csetUserReceiver() | User: 1dfc473c-7ca2-4c15-877b-0185064d625d:6cd58a14-cf27-4594-a82f-0a3ad39335fd:video%c +605ms" "color: #FF3399" "color: inherit" "color: #FF3399"',
    source: 'console-api',
    timestamp: 1645569362060
  },
  {
    level: 'DEBUG',
    message: 'https://qa.tich.academy/denso/_nuxt/e51eeb8.js 1:1502812 "%ckamaji-client:Client %ccreateReceiver() | receiver created 6cd58a14-cf27-4594-a82f-0a3ad39335fd%c +570ms" "color: #FF0000" "color: inherit" "color: #FF0000"',
    source: 'console-api',
    timestamp: 1645569362060
  },
  {
    level: 'DEBUG',
    message: 'https://qa.tich.academy/denso/_nuxt/e51eeb8.js 1:1502812 "%ckamaji-client:Client %conNewProducer() | receiver created%c +85ms" "color: #FF0000" "color: inherit" "color: #FF0000"',
    source: 'console-api',
    timestamp: 1645569362060
  },
  {
    level: 'DEBUG',
    message: 'https://qa.tich.academy/denso/_nuxt/e51eeb8.js 1:1502812 "%ckamaji-client:Client %conProducerUpdate() | receiver notified%c +1m" "color: #FF0000" "color: inherit" "color: #FF0000"',
    source: 'console-api',
    timestamp: 1645569362060
  },
  {
    level: 'DEBUG',
    message: 'https://qa.tich.academy/denso/_nuxt/e51eeb8.js 1:1502812 "%ckamaji-client:Client %conProducerUpdate() | receiver notified%c +765ms" "color: #FF0000" "color: inherit" "color: #FF0000"',
    source: 'console-api',
    timestamp: 1645569362060
  },
  {
    level: 'DEBUG',
    message: 'https://qa.tich.academy/denso/_nuxt/e51eeb8.js 1:1502812 "%ckamaji-client:RoomChannel %cconnectTransport() | Peer: 6ba59e02-7642-4fbc-a72d-408dba13dad0 \\n Transport: 008023e2-4d3d-424d-976c-cad840a5ddb8%c +2m" "color: #9933FF" "color: inherit" "color: #9933FF"',
    source: 'console-api',
    timestamp: 1645569362327
  },
  {
    level: 'DEBUG',
    message: 'https://qa.tich.academy/denso/_nuxt/e51eeb8.js 1:1502812 "%ckamaji-client:Client %conConnectTransport() | transport connected: 008023e2-4d3d-424d-976c-cad840a5ddb8%c +60s" "color: #FF0000" "color: inherit" "color: #FF0000"',
    source: 'console-api',
    timestamp: 1645569362327
  },
  {
    level: 'DEBUG',
    message: 'https://qa.tich.academy/denso/_nuxt/e51eeb8.js 1:1502812 "%ckamaji-client:RoomChannel %cproduce() | 6ba59e02-7642-4fbc-a72d-408dba13dad0:audio%c +40ms" "color: #9933FF" "color: inherit" "color: #9933FF"',
    source: 'console-api',
    timestamp: 1645569362333
  },
  {
    level: 'DEBUG',
    message: 'https://qa.tich.academy/denso/_nuxt/e51eeb8.js 1:1502812 "%ckamaji-client:Client %conProduce() | producing audio:2dd8d0d9-715b-4354-81a8-5353babf9505%c +40ms" "color: #FF0000" "color: inherit" "color: #FF0000"',
    source: 'console-api',
    timestamp: 1645569362334
  },
  {
    level: 'INFO',
    message: 'https://qa.tich.academy/denso/_nuxt/e51eeb8.js 1:1502812 "%cdenso-client:PresenceStore %csetUserReceiver() | User: 5ba58205-daee-4e23-bbea-46257ea3da14:2dd8d0d9-715b-4354-81a8-5353babf9505:audio%c +2m" "color: #FF3399" "color: inherit" "color: #FF3399"',
    source: 'console-api',
    timestamp: 1645569362335
  },
  {
    level: 'DEBUG',
    message: 'https://qa.tich.academy/denso/_nuxt/e51eeb8.js 1:1502812 "%ckamaji-client:RoomChannel %cproduce() | 6ba59e02-7642-4fbc-a72d-408dba13dad0:video%c +496ms" "color: #9933FF" "color: inherit" "color: #9933FF"',
    source: 'console-api',
    timestamp: 1645569422867
  },
  {
    level: 'DEBUG',
    message: 'https://qa.tich.academy/denso/_nuxt/e51eeb8.js 1:1502812 "%ckamaji-client:Client %conProduce() | producing video:c0ea4925-279f-417e-b317-43fcd2147c4b%c +496ms" "color: #FF0000" "color: inherit" "color: #FF0000"',
    source: 'console-api',
    timestamp: 1645569422867
  },
  {
    level: 'INFO',
    message: 'https://qa.tich.academy/denso/_nuxt/e51eeb8.js 1:1502812 "%cdenso-client:PresenceStore %csetUserReceiver() | User: 5ba58205-daee-4e23-bbea-46257ea3da14:c0ea4925-279f-417e-b317-43fcd2147c4b:video%c +494ms" "color: #FF3399" "color: inherit" "color: #FF3399"',
    source: 'console-api',
    timestamp: 1645569422867
  },
  {
    level: 'DEBUG',
    message: 'https://qa.tich.academy/denso/_nuxt/e51eeb8.js 1:1502812 "%ckamaji-client:RoomChannel %cpauseProducer() | 6ba59e02-7642-4fbc-a72d-408dba13dad0:2dd8d0d9-715b-4354-81a8-5353babf9505%c +1m" "color: #9933FF" "color: inherit" "color: #9933FF"',
    source: 'console-api',
    timestamp: 1645569423152
  },
  {
    level: 'DEBUG',
    message: 'https://qa.tich.academy/denso/_nuxt/e51eeb8.js 1:1502812 "%ckamaji-client:Client %conProducerUpdate() | producer not found%c +1m" "color: #FF0000" "color: inherit" "color: #FF0000"',
    source: 'console-api',
    timestamp: 1645569423265
  },
  {
    level: 'DEBUG',
    message: 'https://qa.tich.academy/denso/_nuxt/e51eeb8.js 1:1502812 "%ckamaji-client:RoomChannel %cpauseProducer() | 6ba59e02-7642-4fbc-a72d-408dba13dad0:c0ea4925-279f-417e-b317-43fcd2147c4b%c +793ms" "color: #9933FF" "color: inherit" "color: #9933FF"',
    source: 'console-api',
    timestamp: 1645569423965
  },
  {
    level: 'DEBUG',
    message: 'https://qa.tich.academy/denso/_nuxt/e51eeb8.js 1:1502812 "%ckamaji-client:Client %conProducerUpdate() | producer not found%c +840ms" "color: #FF0000" "color: inherit" "color: #FF0000"',
    source: 'console-api',
    timestamp: 1645569424139
  },
  {
    level: 'INFO',
    message: 'https://qa.tich.academy/denso/_nuxt/e51eeb8.js 1:1502812 "%cdenso-client:PresenceStore %csyncOnlineUsers() | Online users: ef616c69-7968-4b09-9551-3fb3e419b4cb,eb1acc54-715f-4933-87e6-5c99dadcf8b9,8f1434b4-2e2c-4041-84f3-bf60729e116f,704e55d5-eb72-48c3-a3c3-2ca8b53e6301,5ba58205-daee-4e23-bbea-46257ea3da14,1dfc473c-7ca2-4c15-877b-0185064d625d,0f48bca8-f207-488d-a49d-cadd59d70663%c +2m" "color: #FF3399" "color: inherit" "color: #FF3399"',
    source: 'console-api',
    timestamp: 1645569484517
  },
  {
    level: 'DEBUG',
    message: 'https://qa.tich.academy/denso/_nuxt/e51eeb8.js 1:1502812 "%ckamaji-client:Client %conPeerDisconnected() | disconnection from: 7c7ca534-4204-4cc3-8658-9dc9475112c1%c +47s" "color: #FF0000" "color: inherit" "color: #FF0000"',
    source: 'console-api',
    timestamp: 1645569484517
  },
  {
    level: 'WARNING',
    message: 'https://qa.tich.academy/denso/_nuxt/e51eeb8.js 1:1502812 "%cdenso-client:WARN:PresenceStore %ccloseUserStreams() | User 52fcd444-2e79-4cee-acc7-33cd479c7a95 is not related with peerId: 7c7ca534-4204-4cc3-8658-9dc9475112c1, ignoring stream close%c +0ms" "color: #CC00FF" "color: inherit" "color: #CC00FF"',
    source: 'console-api',
    timestamp: 1645569484517
  },
  ... 12 more items
]
2022-02-22T22:38:06.031Z INFO webdriver: COMMAND deleteSession()
2022-02-22T22:38:06.031Z INFO webdriver: [DELETE] http://143.244.160.107:4445/wd/hub/session/943acb1b51f31bbc8496864478d41562
