2022-02-22T23:15:09.029Z DEBUG @wdio/utils:initialiseServices: initialise service "shared-store" as NPM package
2022-02-22T23:15:09.206Z INFO @wdio/cli:launcher: Run onPrepare hook
2022-02-22T23:15:09.218Z INFO @wdio/shared-store-service: Started shared server on port 61493
2022-02-22T23:15:09.221Z DEBUG @wdio/cli:utils: Finished to run "onPrepare" hook in 15ms
2022-02-22T23:15:09.225Z INFO @wdio/cli:launcher: Run onWorkerStart hook
2022-02-22T23:15:09.225Z INFO @wdio/cli:launcher: Run onWorkerStart hook
2022-02-22T23:15:09.225Z INFO @wdio/cli:launcher: Run onWorkerStart hook
2022-02-22T23:15:09.226Z INFO @wdio/cli:launcher: Run onWorkerStart hook
2022-02-22T23:15:09.226Z DEBUG @wdio/cli:utils: Finished to run "onWorkerStart" hook in 0ms
2022-02-22T23:15:09.226Z DEBUG @wdio/cli:utils: Finished to run "onWorkerStart" hook in 0ms
2022-02-22T23:15:09.226Z DEBUG @wdio/cli:utils: Finished to run "onWorkerStart" hook in 0ms
2022-02-22T23:15:09.226Z DEBUG @wdio/cli:utils: Finished to run "onWorkerStart" hook in 0ms
2022-02-22T23:15:09.230Z INFO @wdio/local-runner: Start worker 2-0 with arg: run,wdio.conf.js
2022-02-22T23:15:09.242Z INFO @wdio/local-runner: Start worker 2-1 with arg: run,wdio.conf.js
2022-02-22T23:15:09.258Z INFO @wdio/local-runner: Start worker 2-2 with arg: run,wdio.conf.js
2022-02-22T23:15:09.267Z INFO @wdio/local-runner: Start worker 2-3 with arg: run,wdio.conf.js
2022-02-22T23:25:23.235Z DEBUG @wdio/local-runner: Runner 2-0 finished with exit code 1
2022-02-22T23:25:24.692Z DEBUG @wdio/local-runner: Runner 2-2 finished with exit code 1
2022-02-22T23:25:25.623Z DEBUG @wdio/local-runner: Runner 2-1 finished with exit code 1
2022-02-22T23:25:27.926Z DEBUG @wdio/local-runner: Runner 2-3 finished with exit code 1
2022-02-22T23:25:27.927Z INFO @wdio/cli:launcher: Run onComplete hook
2022-02-22T23:25:27.928Z DEBUG @wdio/cli:utils: Finished to run "onComplete" hook in 1ms
2022-02-22T23:25:27.977Z INFO @wdio/local-runner: Shutting down spawned worker
2022-02-22T23:25:28.230Z INFO @wdio/local-runner: Waiting for 0 to shut down gracefully
