2022-02-09T22:22:20.480Z WARN @wdio/utils:shim: You are running tests with @wdio/sync which will be discontinued starting Node.js v16.Read more on https://github.com/webdriverio/webdriverio/discussions/6702
2022-02-09T22:22:21.874Z INFO @wdio/local-runner: Run worker command: run
2022-02-09T22:22:22.284Z DEBUG @wdio/config:utils: Found '@babel/register' package, auto-compiling files with Babel
2022-02-09T22:22:23.815Z DEBUG @wdio/local-runner:utils: init remote session
2022-02-09T22:22:23.822Z DEBUG @wdio/utils:initialiseServices: initialise service "shared-store" as NPM package
2022-02-09T22:22:24.151Z DEBUG @wdio/sync: Finished to run "beforeSession" hook in 37ms
2022-02-09T22:22:25.326Z DEBUG @wdio/local-runner:utils: init remote session
2022-02-09T22:22:25.330Z INFO webdriver: Initiate new session using the WebDriver protocol
2022-02-09T22:22:25.349Z INFO webdriver: [POST] http://localhost:4444/wd/hub/session
2022-02-09T22:22:25.350Z INFO webdriver: DATA {
  capabilities: {
    alwaysMatch: {
      browserName: 'chrome',
      'goog:chromeOptions': [Object],
      'goog:loggingPrefs': [Object]
    },
    firstMatch: [ {} ]
  },
  desiredCapabilities: {
    browserName: 'chrome',
    'goog:chromeOptions': { args: [Array] },
    'goog:loggingPrefs': { browser: 'ALL' }
  }
}
2022-02-09T22:22:26.779Z DEBUG @wdio/sync: Finished to run "before" hook in 0ms
2022-02-09T22:22:41.798Z INFO webdriver: COMMAND navigateTo("https://qa.tich.academy/denso/b7bb0246-a389-45dd-b219-54a1a2e3e819")
2022-02-09T22:22:41.800Z INFO webdriver: [POST] http://localhost:4444/wd/hub/session/8786c9bc28bd1a2c0cc961a1f024062c/url
2022-02-09T22:22:41.800Z INFO webdriver: DATA {
  url: 'https://qa.tich.academy/denso/b7bb0246-a389-45dd-b219-54a1a2e3e819'
}
2022-02-09T22:23:09.322Z INFO webdriver: COMMAND executeScript("return (() => localStorage.setItem("debug", "kamaji-client:*")).apply(null, arguments)", <object>)
2022-02-09T22:23:09.323Z INFO webdriver: [POST] http://localhost:4444/wd/hub/session/8786c9bc28bd1a2c0cc961a1f024062c/execute/sync
2022-02-09T22:23:09.323Z INFO webdriver: DATA {
  script: 'return (() => localStorage.setItem("debug", "kamaji-client:*")).apply(null, arguments)',
  args: []
}
2022-02-09T22:23:11.055Z INFO webdriver: COMMAND refresh()
2022-02-09T22:23:11.055Z INFO webdriver: [POST] http://localhost:4444/wd/hub/session/8786c9bc28bd1a2c0cc961a1f024062c/refresh
2022-02-09T22:23:17.025Z INFO webdriver: COMMAND findElement("css selector", "form input[name=name]")
2022-02-09T22:23:17.026Z INFO webdriver: [POST] http://localhost:4444/wd/hub/session/8786c9bc28bd1a2c0cc961a1f024062c/element
2022-02-09T22:23:17.026Z INFO webdriver: DATA { using: 'css selector', value: 'form input[name=name]' }
2022-02-09T22:23:18.996Z INFO webdriver: RESULT {
  'element-6066-11e4-a52e-4f735466cecf': '67ea43b4-df46-4d3b-98e6-024b6db16e77'
}
2022-02-09T22:23:19.020Z INFO webdriver: COMMAND elementClear("67ea43b4-df46-4d3b-98e6-024b6db16e77")
2022-02-09T22:23:19.020Z INFO webdriver: [POST] http://localhost:4444/wd/hub/session/8786c9bc28bd1a2c0cc961a1f024062c/element/67ea43b4-df46-4d3b-98e6-024b6db16e77/clear
2022-02-09T22:23:21.256Z INFO webdriver: COMMAND elementSendKeys("67ea43b4-df46-4d3b-98e6-024b6db16e77", "guest_7")
2022-02-09T22:23:21.257Z INFO webdriver: [POST] http://localhost:4444/wd/hub/session/8786c9bc28bd1a2c0cc961a1f024062c/element/67ea43b4-df46-4d3b-98e6-024b6db16e77/value
2022-02-09T22:23:21.257Z INFO webdriver: DATA { text: 'guest_7' }
2022-02-09T22:23:29.115Z INFO webdriver: COMMAND findElement("css selector", "form input[name=email]")
2022-02-09T22:23:29.116Z INFO webdriver: [POST] http://localhost:4444/wd/hub/session/8786c9bc28bd1a2c0cc961a1f024062c/element
2022-02-09T22:23:29.116Z INFO webdriver: DATA { using: 'css selector', value: 'form input[name=email]' }
2022-02-09T22:23:30.386Z INFO webdriver: RESULT {
  'element-6066-11e4-a52e-4f735466cecf': 'fc042759-b6c5-496d-9bf4-8b64fa6a8b3a'
}
2022-02-09T22:23:30.397Z INFO webdriver: COMMAND elementClear("fc042759-b6c5-496d-9bf4-8b64fa6a8b3a")
2022-02-09T22:23:30.398Z INFO webdriver: [POST] http://localhost:4444/wd/hub/session/8786c9bc28bd1a2c0cc961a1f024062c/element/fc042759-b6c5-496d-9bf4-8b64fa6a8b3a/clear
2022-02-09T22:23:33.289Z INFO webdriver: COMMAND elementSendKeys("fc042759-b6c5-496d-9bf4-8b64fa6a8b3a", "test_guest_A_7@bunsan.io")
2022-02-09T22:23:33.289Z INFO webdriver: [POST] http://localhost:4444/wd/hub/session/8786c9bc28bd1a2c0cc961a1f024062c/element/fc042759-b6c5-496d-9bf4-8b64fa6a8b3a/value
2022-02-09T22:23:33.290Z INFO webdriver: DATA { text: 'test_guest_A_7@bunsan.io' }
2022-02-09T22:23:39.487Z INFO webdriver: COMMAND findElement("css selector", "form button[type="submit"]")
2022-02-09T22:23:39.488Z INFO webdriver: [POST] http://localhost:4444/wd/hub/session/8786c9bc28bd1a2c0cc961a1f024062c/element
2022-02-09T22:23:39.488Z INFO webdriver: DATA { using: 'css selector', value: 'form button[type="submit"]' }
2022-02-09T22:23:40.800Z INFO webdriver: RESULT {
  'element-6066-11e4-a52e-4f735466cecf': 'ac469774-a820-42e1-a9f2-98a78b447598'
}
2022-02-09T22:23:40.809Z INFO webdriver: COMMAND elementClick("ac469774-a820-42e1-a9f2-98a78b447598")
2022-02-09T22:23:40.810Z INFO webdriver: [POST] http://localhost:4444/wd/hub/session/8786c9bc28bd1a2c0cc961a1f024062c/element/ac469774-a820-42e1-a9f2-98a78b447598/click
2022-02-09T22:23:45.637Z DEBUG @wdio/sync: Finished to run "afterTest" hook in 1ms
2022-02-09T22:23:45.643Z INFO webdriver: COMMAND findElement("xpath", ".//button[normalize-space() = "Reload session"]")
2022-02-09T22:23:45.644Z INFO webdriver: [POST] http://localhost:4444/wd/hub/session/8786c9bc28bd1a2c0cc961a1f024062c/element
2022-02-09T22:23:45.644Z INFO webdriver: DATA {
  using: 'xpath',
  value: './/button[normalize-space() = "Reload session"]'
}
2022-02-09T22:23:47.247Z INFO webdriver: RESULT {
  error: 'no such element',
  message: 'no such element: Unable to locate element: {"method":"xpath","selector":".//button[normalize-space() = "Reload session"]"}\n' +
    '  (Session info: headless chrome=98.0.4758.82)',
  stacktrace: 'Backtrace:\n' +
    '\tOrdinal0 [0x00E9FDC3+2555331]\n' +
    '\tOrdinal0 [0x00E377F1+2127857]\n' +
    '\tOrdinal0 [0x00D32E08+1060360]\n' +
    '\tOrdinal0 [0x00D5E49E+1238174]\n' +
    '\tOrdinal0 [0x00D5E69B+1238683]\n' +
    '\tOrdinal0 [0x00D89252+1413714]\n' +
    '\tOrdinal0 [0x00D77B54+1342292]\n' +
    '\tOrdinal0 [0x00D875FA+1406458]\n' +
    '\tOrdinal0 [0x00D77976+1341814]\n' +
    '\tOrdinal0 [0x00D536B6+1193654]\n' +
    '\tOrdinal0 [0x00D54546+1197382]\n' +
    '\tGetHandleVerifier [0x01039622+1619522]\n' +
    '\tGetHandleVerifier [0x010E882C+2336844]\n' +
    '\tGetHandleVerifier [0x00F323E1+541697]\n' +
    '\tGetHandleVerifier [0x00F31443+537699]\n' +
    '\tOrdinal0 [0x00E3D18E+2150798]\n' +
    '\tOrdinal0 [0x00E41518+2168088]\n' +
    '\tOrdinal0 [0x00E41660+2168416]\n' +
    '\tOrdinal0 [0x00E4B330+2208560]\n' +
    '\tBaseThreadInitThunk [0x752DFA29+25]\n' +
    '\tRtlGetAppContainerNamedObjectPath [0x77117A9E+286]\n' +
    '\tRtlGetAppContainerNamedObjectPath [0x77117A6E+238]\n'
}
2022-02-09T22:23:47.257Z INFO webdriver: COMMAND findElements("xpath", ".//button[normalize-space() = "Reload session"]")
2022-02-09T22:23:47.258Z INFO webdriver: [POST] http://localhost:4444/wd/hub/session/8786c9bc28bd1a2c0cc961a1f024062c/elements
2022-02-09T22:23:47.258Z INFO webdriver: DATA {
  using: 'xpath',
  value: './/button[normalize-space() = "Reload session"]'
}
2022-02-09T22:23:48.391Z INFO webdriver: RESULT []
2022-02-09T22:25:45.289Z INFO @wdio/local-runner: Received SIGINT, giving process 5000ms to shutdown gracefully
2022-02-09T22:25:45.297Z INFO @wdio/local-runner: Run worker command: endSession
2022-02-09T22:25:45.297Z INFO webdriver: COMMAND deleteSession()
2022-02-09T22:25:45.297Z INFO webdriver: [DELETE] http://localhost:4444/wd/hub/session/8786c9bc28bd1a2c0cc961a1f024062c
2022-02-09T22:25:45.313Z ERROR @wdio/local-runner: Failed launching test session: RequestError: connect ECONNREFUSED 127.0.0.1:4444
    at ClientRequest.<anonymous> (C:\Users\user\Desktop\yama-windows\yama-tich\node_modules\got\dist\source\core\index.js:962:111)
    at Object.onceWrapper (events.js:520:26)
    at ClientRequest.emit (events.js:412:35)
    at ClientRequest.emit (domain.js:475:12)
    at ClientRequest.origin.emit (C:\Users\user\Desktop\yama-windows\yama-tich\node_modules\@szmarczak\http-timer\dist\source\index.js:43:20)
    at Socket.socketErrorListener (_http_client.js:475:9)
    at Socket.emit (events.js:400:28)
    at Socket.emit (domain.js:475:12)
    at emitErrorNT (internal/streams/destroy.js:106:8)
    at emitErrorCloseNT (internal/streams/destroy.js:74:3)
    at TCPConnectWrap.afterConnect [as oncomplete] (net.js:1159:16)
