2022-02-22T23:15:09.390Z WARN @wdio/utils:shim: You are running tests with @wdio/sync which will be discontinued starting Node.js v16.Read more on https://github.com/webdriverio/webdriverio/discussions/6702
2022-02-22T23:15:10.047Z INFO @wdio/local-runner: Run worker command: run
2022-02-22T23:15:10.275Z DEBUG @wdio/config:utils: Found '@babel/register' package, auto-compiling files with Babel
2022-02-22T23:15:11.051Z DEBUG @wdio/local-runner:utils: init remote session
2022-02-22T23:15:11.054Z DEBUG @wdio/utils:initialiseServices: initialise service "shared-store" as NPM package
2022-02-22T23:15:11.156Z DEBUG @wdio/sync: Finished to run "beforeSession" hook in 1ms
2022-02-22T23:15:11.618Z DEBUG @wdio/local-runner:utils: init remote session
2022-02-22T23:15:11.620Z INFO webdriver: Initiate new session using the WebDriver protocol
2022-02-22T23:15:11.628Z INFO webdriver: [POST] http://143.244.160.107:4445/wd/hub/session
2022-02-22T23:15:11.628Z INFO webdriver: DATA {
  capabilities: {
    alwaysMatch: {
      browserName: 'chrome',
      'goog:chromeOptions': [Object],
      'goog:loggingPrefs': [Object]
    },
    firstMatch: [ {} ]
  },
  desiredCapabilities: {
    browserName: 'chrome',
    'goog:chromeOptions': { args: [Array] },
    'goog:loggingPrefs': { browser: 'ALL' }
  }
}
2022-02-22T23:15:12.211Z DEBUG @wdio/sync: Finished to run "before" hook in 0ms
2022-02-22T23:15:23.733Z INFO webdriver: COMMAND navigateTo("https://qa.tich.academy/denso/a4114b7e-0c72-46e5-ab22-360ad8811ee6")
2022-02-22T23:15:23.733Z INFO webdriver: [POST] http://143.244.160.107:4445/wd/hub/session/cee417dc46370f959c1cc3bf6c78864d/url
2022-02-22T23:15:23.733Z INFO webdriver: DATA {
  url: 'https://qa.tich.academy/denso/a4114b7e-0c72-46e5-ab22-360ad8811ee6'
}
2022-02-22T23:15:27.426Z INFO webdriver: COMMAND executeScript("return (() => localStorage.setItem("debug", "kamaji-client:*")).apply(null, arguments)", <object>)
2022-02-22T23:15:27.428Z INFO webdriver: [POST] http://143.244.160.107:4445/wd/hub/session/cee417dc46370f959c1cc3bf6c78864d/execute/sync
2022-02-22T23:15:27.429Z INFO webdriver: DATA {
  script: 'return (() => localStorage.setItem("debug", "kamaji-client:*")).apply(null, arguments)',
  args: []
}
2022-02-22T23:15:27.522Z INFO webdriver: COMMAND refresh()
2022-02-22T23:15:27.523Z INFO webdriver: [POST] http://143.244.160.107:4445/wd/hub/session/cee417dc46370f959c1cc3bf6c78864d/refresh
2022-02-22T23:15:29.332Z INFO webdriver: COMMAND findElement("css selector", "form input[name=name]")
2022-02-22T23:15:29.332Z INFO webdriver: [POST] http://143.244.160.107:4445/wd/hub/session/cee417dc46370f959c1cc3bf6c78864d/element
2022-02-22T23:15:29.332Z INFO webdriver: DATA { using: 'css selector', value: 'form input[name=name]' }
2022-02-22T23:15:29.425Z INFO webdriver: RESULT {
  'element-6066-11e4-a52e-4f735466cecf': '618597aa-bde5-4d01-9080-a18567560327'
}
2022-02-22T23:15:29.433Z INFO webdriver: COMMAND elementClear("618597aa-bde5-4d01-9080-a18567560327")
2022-02-22T23:15:29.434Z INFO webdriver: [POST] http://143.244.160.107:4445/wd/hub/session/cee417dc46370f959c1cc3bf6c78864d/element/618597aa-bde5-4d01-9080-a18567560327/clear
2022-02-22T23:15:29.599Z INFO webdriver: COMMAND elementSendKeys("618597aa-bde5-4d01-9080-a18567560327", "guest_3")
2022-02-22T23:15:29.599Z INFO webdriver: [POST] http://143.244.160.107:4445/wd/hub/session/cee417dc46370f959c1cc3bf6c78864d/element/618597aa-bde5-4d01-9080-a18567560327/value
2022-02-22T23:15:29.599Z INFO webdriver: DATA { text: 'guest_3' }
2022-02-22T23:15:30.069Z INFO webdriver: COMMAND findElement("css selector", "form input[name=email]")
2022-02-22T23:15:30.070Z INFO webdriver: [POST] http://143.244.160.107:4445/wd/hub/session/cee417dc46370f959c1cc3bf6c78864d/element
2022-02-22T23:15:30.070Z INFO webdriver: DATA { using: 'css selector', value: 'form input[name=email]' }
2022-02-22T23:15:30.162Z INFO webdriver: RESULT {
  'element-6066-11e4-a52e-4f735466cecf': '2c0275e2-6463-4f12-a7b8-8c894392748f'
}
2022-02-22T23:15:30.175Z INFO webdriver: COMMAND elementClear("2c0275e2-6463-4f12-a7b8-8c894392748f")
2022-02-22T23:15:30.176Z INFO webdriver: [POST] http://143.244.160.107:4445/wd/hub/session/cee417dc46370f959c1cc3bf6c78864d/element/2c0275e2-6463-4f12-a7b8-8c894392748f/clear
2022-02-22T23:15:30.474Z INFO webdriver: COMMAND elementSendKeys("2c0275e2-6463-4f12-a7b8-8c894392748f", "test_guest_A_3@bunsan.io")
2022-02-22T23:15:30.474Z INFO webdriver: [POST] http://143.244.160.107:4445/wd/hub/session/cee417dc46370f959c1cc3bf6c78864d/element/2c0275e2-6463-4f12-a7b8-8c894392748f/value
2022-02-22T23:15:30.474Z INFO webdriver: DATA { text: 'test_guest_A_3@bunsan.io' }
2022-02-22T23:15:30.824Z INFO webdriver: COMMAND findElement("css selector", "form button[type="submit"]")
2022-02-22T23:15:30.825Z INFO webdriver: [POST] http://143.244.160.107:4445/wd/hub/session/cee417dc46370f959c1cc3bf6c78864d/element
2022-02-22T23:15:30.825Z INFO webdriver: DATA { using: 'css selector', value: 'form button[type="submit"]' }
2022-02-22T23:15:30.920Z INFO webdriver: RESULT {
  'element-6066-11e4-a52e-4f735466cecf': '6172320b-33af-4613-851f-cbb1fa5a962f'
}
2022-02-22T23:15:30.925Z INFO webdriver: COMMAND elementClick("6172320b-33af-4613-851f-cbb1fa5a962f")
2022-02-22T23:15:30.926Z INFO webdriver: [POST] http://143.244.160.107:4445/wd/hub/session/cee417dc46370f959c1cc3bf6c78864d/element/6172320b-33af-4613-851f-cbb1fa5a962f/click
2022-02-22T23:19:31.171Z INFO webdriver: COMMAND findElement("xpath", ".//button[normalize-space() = "Mic"]")
2022-02-22T23:19:31.172Z INFO webdriver: [POST] http://143.244.160.107:4445/wd/hub/session/cee417dc46370f959c1cc3bf6c78864d/element
2022-02-22T23:19:31.172Z INFO webdriver: DATA { using: 'xpath', value: './/button[normalize-space() = "Mic"]' }
2022-02-22T23:19:31.331Z INFO webdriver: RESULT {
  'element-6066-11e4-a52e-4f735466cecf': '4c8c4b23-7431-4bdd-b355-eed73e6a8206'
}
2022-02-22T23:19:31.336Z INFO webdriver: COMMAND elementClick("4c8c4b23-7431-4bdd-b355-eed73e6a8206")
2022-02-22T23:19:31.336Z INFO webdriver: [POST] http://143.244.160.107:4445/wd/hub/session/cee417dc46370f959c1cc3bf6c78864d/element/4c8c4b23-7431-4bdd-b355-eed73e6a8206/click
2022-02-22T23:19:31.472Z INFO webdriver: COMMAND findElement("xpath", ".//button[normalize-space() = "Camera"]")
2022-02-22T23:19:31.473Z INFO webdriver: [POST] http://143.244.160.107:4445/wd/hub/session/cee417dc46370f959c1cc3bf6c78864d/element
2022-02-22T23:19:31.473Z INFO webdriver: DATA { using: 'xpath', value: './/button[normalize-space() = "Camera"]' }
2022-02-22T23:19:31.608Z INFO webdriver: RESULT {
  'element-6066-11e4-a52e-4f735466cecf': '7557530b-4583-4d6b-aac0-5935f96e397c'
}
2022-02-22T23:19:31.615Z INFO webdriver: COMMAND elementClick("7557530b-4583-4d6b-aac0-5935f96e397c")
2022-02-22T23:19:31.615Z INFO webdriver: [POST] http://143.244.160.107:4445/wd/hub/session/cee417dc46370f959c1cc3bf6c78864d/element/7557530b-4583-4d6b-aac0-5935f96e397c/click
2022-02-22T23:21:21.751Z INFO webdriver: COMMAND findElement("xpath", ".//button[normalize-space() = "Mic"]")
2022-02-22T23:21:21.752Z INFO webdriver: [POST] http://143.244.160.107:4445/wd/hub/session/cee417dc46370f959c1cc3bf6c78864d/element
2022-02-22T23:21:21.752Z INFO webdriver: DATA { using: 'xpath', value: './/button[normalize-space() = "Mic"]' }
2022-02-22T23:21:21.912Z INFO webdriver: RESULT {
  'element-6066-11e4-a52e-4f735466cecf': '4c8c4b23-7431-4bdd-b355-eed73e6a8206'
}
2022-02-22T23:21:21.915Z INFO webdriver: COMMAND elementClick("4c8c4b23-7431-4bdd-b355-eed73e6a8206")
2022-02-22T23:21:21.915Z INFO webdriver: [POST] http://143.244.160.107:4445/wd/hub/session/cee417dc46370f959c1cc3bf6c78864d/element/4c8c4b23-7431-4bdd-b355-eed73e6a8206/click
2022-02-22T23:21:22.066Z INFO webdriver: COMMAND findElement("xpath", ".//button[normalize-space() = "Camera"]")
2022-02-22T23:21:22.066Z INFO webdriver: [POST] http://143.244.160.107:4445/wd/hub/session/cee417dc46370f959c1cc3bf6c78864d/element
2022-02-22T23:21:22.066Z INFO webdriver: DATA { using: 'xpath', value: './/button[normalize-space() = "Camera"]' }
2022-02-22T23:21:22.232Z INFO webdriver: RESULT {
  'element-6066-11e4-a52e-4f735466cecf': '7557530b-4583-4d6b-aac0-5935f96e397c'
}
2022-02-22T23:21:22.237Z INFO webdriver: COMMAND elementClick("7557530b-4583-4d6b-aac0-5935f96e397c")
2022-02-22T23:21:22.237Z INFO webdriver: [POST] http://143.244.160.107:4445/wd/hub/session/cee417dc46370f959c1cc3bf6c78864d/element/7557530b-4583-4d6b-aac0-5935f96e397c/click
2022-02-22T23:21:22.447Z DEBUG @wdio/sync: Finished to run "afterTest" hook in 0ms
2022-02-22T23:21:22.449Z INFO webdriver: COMMAND findElement("xpath", ".//button[normalize-space() = "Reload session"]")
2022-02-22T23:21:22.449Z INFO webdriver: [POST] http://143.244.160.107:4445/wd/hub/session/cee417dc46370f959c1cc3bf6c78864d/element
2022-02-22T23:21:22.449Z INFO webdriver: DATA {
  using: 'xpath',
  value: './/button[normalize-space() = "Reload session"]'
}
2022-02-22T23:21:22.540Z INFO webdriver: RESULT {
  error: 'no such element',
  message: 'no such element: Unable to locate element: {"method":"xpath","selector":".//button[normalize-space() = "Reload session"]"}\n' +
    '  (Session info: headless chrome=98.0.4758.102)',
  stacktrace: '#0 0x5608161deb33 <unknown>\n' +
    '#1 0x560815ca76d8 <unknown>\n' +
    '#2 0x560815cdd6f1 <unknown>\n' +
    '#3 0x560815cdd8b1 <unknown>\n' +
    '#4 0x560815d10574 <unknown>\n' +
    '#5 0x560815cfb08d <unknown>\n' +
    '#6 0x560815d0e2fb <unknown>\n' +
    '#7 0x560815cfaf53 <unknown>\n' +
    '#8 0x560815cd0a0a <unknown>\n' +
    '#9 0x560815cd1ad5 <unknown>\n' +
    '#10 0x5608162102fd <unknown>\n' +
    '#11 0x5608162294bb <unknown>\n' +
    '#12 0x5608162120d5 <unknown>\n' +
    '#13 0x56081622a145 <unknown>\n' +
    '#14 0x560816205aaf <unknown>\n' +
    '#15 0x560816246ba8 <unknown>\n' +
    '#16 0x560816246d28 <unknown>\n' +
    '#17 0x56081626148d <unknown>\n' +
    '#18 0x7f85119eb6db <unknown>\n'
}
2022-02-22T23:21:22.543Z INFO webdriver: COMMAND findElements("xpath", ".//button[normalize-space() = "Reload session"]")
2022-02-22T23:21:22.543Z INFO webdriver: [POST] http://143.244.160.107:4445/wd/hub/session/cee417dc46370f959c1cc3bf6c78864d/elements
2022-02-22T23:21:22.543Z INFO webdriver: DATA {
  using: 'xpath',
  value: './/button[normalize-space() = "Reload session"]'
}
2022-02-22T23:21:22.624Z INFO webdriver: RESULT []
2022-02-22T23:22:22.639Z INFO webdriver: COMMAND findElement("xpath", ".//button[normalize-space() = "Reload session"]")
2022-02-22T23:22:22.640Z INFO webdriver: [POST] http://143.244.160.107:4445/wd/hub/session/cee417dc46370f959c1cc3bf6c78864d/element
2022-02-22T23:22:22.640Z INFO webdriver: DATA {
  using: 'xpath',
  value: './/button[normalize-space() = "Reload session"]'
}
2022-02-22T23:22:22.802Z INFO webdriver: RESULT {
  error: 'no such element',
  message: 'no such element: Unable to locate element: {"method":"xpath","selector":".//button[normalize-space() = "Reload session"]"}\n' +
    '  (Session info: headless chrome=98.0.4758.102)',
  stacktrace: '#0 0x5608161deb33 <unknown>\n' +
    '#1 0x560815ca76d8 <unknown>\n' +
    '#2 0x560815cdd6f1 <unknown>\n' +
    '#3 0x560815cdd8b1 <unknown>\n' +
    '#4 0x560815d10574 <unknown>\n' +
    '#5 0x560815cfb08d <unknown>\n' +
    '#6 0x560815d0e2fb <unknown>\n' +
    '#7 0x560815cfaf53 <unknown>\n' +
    '#8 0x560815cd0a0a <unknown>\n' +
    '#9 0x560815cd1ad5 <unknown>\n' +
    '#10 0x5608162102fd <unknown>\n' +
    '#11 0x5608162294bb <unknown>\n' +
    '#12 0x5608162120d5 <unknown>\n' +
    '#13 0x56081622a145 <unknown>\n' +
    '#14 0x560816205aaf <unknown>\n' +
    '#15 0x560816246ba8 <unknown>\n' +
    '#16 0x560816246d28 <unknown>\n' +
    '#17 0x56081626148d <unknown>\n' +
    '#18 0x7f85119eb6db <unknown>\n'
}
2022-02-22T23:22:22.807Z INFO webdriver: COMMAND findElements("xpath", ".//button[normalize-space() = "Reload session"]")
2022-02-22T23:22:22.807Z INFO webdriver: [POST] http://143.244.160.107:4445/wd/hub/session/cee417dc46370f959c1cc3bf6c78864d/elements
2022-02-22T23:22:22.807Z INFO webdriver: DATA {
  using: 'xpath',
  value: './/button[normalize-space() = "Reload session"]'
}
2022-02-22T23:22:22.896Z INFO webdriver: RESULT []
2022-02-22T23:23:22.899Z INFO webdriver: COMMAND findElement("xpath", ".//button[normalize-space() = "Reload session"]")
2022-02-22T23:23:22.899Z INFO webdriver: [POST] http://143.244.160.107:4445/wd/hub/session/cee417dc46370f959c1cc3bf6c78864d/element
2022-02-22T23:23:22.899Z INFO webdriver: DATA {
  using: 'xpath',
  value: './/button[normalize-space() = "Reload session"]'
}
2022-02-22T23:23:23.055Z INFO webdriver: RESULT {
  error: 'no such element',
  message: 'no such element: Unable to locate element: {"method":"xpath","selector":".//button[normalize-space() = "Reload session"]"}\n' +
    '  (Session info: headless chrome=98.0.4758.102)',
  stacktrace: '#0 0x5608161deb33 <unknown>\n' +
    '#1 0x560815ca76d8 <unknown>\n' +
    '#2 0x560815cdd6f1 <unknown>\n' +
    '#3 0x560815cdd8b1 <unknown>\n' +
    '#4 0x560815d10574 <unknown>\n' +
    '#5 0x560815cfb08d <unknown>\n' +
    '#6 0x560815d0e2fb <unknown>\n' +
    '#7 0x560815cfaf53 <unknown>\n' +
    '#8 0x560815cd0a0a <unknown>\n' +
    '#9 0x560815cd1ad5 <unknown>\n' +
    '#10 0x5608162102fd <unknown>\n' +
    '#11 0x5608162294bb <unknown>\n' +
    '#12 0x5608162120d5 <unknown>\n' +
    '#13 0x56081622a145 <unknown>\n' +
    '#14 0x560816205aaf <unknown>\n' +
    '#15 0x560816246ba8 <unknown>\n' +
    '#16 0x560816246d28 <unknown>\n' +
    '#17 0x56081626148d <unknown>\n' +
    '#18 0x7f85119eb6db <unknown>\n'
}
2022-02-22T23:23:23.059Z INFO webdriver: COMMAND findElements("xpath", ".//button[normalize-space() = "Reload session"]")
2022-02-22T23:23:23.059Z INFO webdriver: [POST] http://143.244.160.107:4445/wd/hub/session/cee417dc46370f959c1cc3bf6c78864d/elements
2022-02-22T23:23:23.059Z INFO webdriver: DATA {
  using: 'xpath',
  value: './/button[normalize-space() = "Reload session"]'
}
2022-02-22T23:23:23.139Z INFO webdriver: RESULT []
2022-02-22T23:24:23.156Z INFO webdriver: COMMAND findElement("xpath", ".//button[normalize-space() = "Reload session"]")
2022-02-22T23:24:23.158Z INFO webdriver: [POST] http://143.244.160.107:4445/wd/hub/session/cee417dc46370f959c1cc3bf6c78864d/element
2022-02-22T23:24:23.158Z INFO webdriver: DATA {
  using: 'xpath',
  value: './/button[normalize-space() = "Reload session"]'
}
2022-02-22T23:24:23.315Z INFO webdriver: RESULT {
  error: 'no such element',
  message: 'no such element: Unable to locate element: {"method":"xpath","selector":".//button[normalize-space() = "Reload session"]"}\n' +
    '  (Session info: headless chrome=98.0.4758.102)',
  stacktrace: '#0 0x5608161deb33 <unknown>\n' +
    '#1 0x560815ca76d8 <unknown>\n' +
    '#2 0x560815cdd6f1 <unknown>\n' +
    '#3 0x560815cdd8b1 <unknown>\n' +
    '#4 0x560815d10574 <unknown>\n' +
    '#5 0x560815cfb08d <unknown>\n' +
    '#6 0x560815d0e2fb <unknown>\n' +
    '#7 0x560815cfaf53 <unknown>\n' +
    '#8 0x560815cd0a0a <unknown>\n' +
    '#9 0x560815cd1ad5 <unknown>\n' +
    '#10 0x5608162102fd <unknown>\n' +
    '#11 0x5608162294bb <unknown>\n' +
    '#12 0x5608162120d5 <unknown>\n' +
    '#13 0x56081622a145 <unknown>\n' +
    '#14 0x560816205aaf <unknown>\n' +
    '#15 0x560816246ba8 <unknown>\n' +
    '#16 0x560816246d28 <unknown>\n' +
    '#17 0x56081626148d <unknown>\n' +
    '#18 0x7f85119eb6db <unknown>\n'
}
2022-02-22T23:24:23.320Z INFO webdriver: COMMAND findElements("xpath", ".//button[normalize-space() = "Reload session"]")
2022-02-22T23:24:23.320Z INFO webdriver: [POST] http://143.244.160.107:4445/wd/hub/session/cee417dc46370f959c1cc3bf6c78864d/elements
2022-02-22T23:24:23.320Z INFO webdriver: DATA {
  using: 'xpath',
  value: './/button[normalize-space() = "Reload session"]'
}
2022-02-22T23:24:23.400Z INFO webdriver: RESULT []
2022-02-22T23:25:23.409Z DEBUG @wdio/sync: Finished to run "afterTest" hook in 0ms
2022-02-22T23:25:23.412Z INFO webdriver: COMMAND takeScreenshot()
2022-02-22T23:25:23.412Z INFO webdriver: [GET] http://143.244.160.107:4445/wd/hub/session/cee417dc46370f959c1cc3bf6c78864d/screenshot
2022-02-22T23:25:24.327Z INFO webdriver: RESULT iVBORw0KGgoAAAANSUhEUgAABQAAAAMgCAYAAAB8mM/7AAAAAXNSR0IArs4c6...
2022-02-22T23:25:24.344Z INFO webdriver: COMMAND takeScreenshot()
2022-02-22T23:25:24.344Z INFO webdriver: [GET] http://143.244.160.107:4445/wd/hub/session/cee417dc46370f959c1cc3bf6c78864d/screenshot
2022-02-22T23:25:25.121Z INFO webdriver: RESULT iVBORw0KGgoAAAANSUhEUgAABQAAAAMgCAYAAAB8mM/7AAAAAXNSR0IArs4c6...
2022-02-22T23:25:25.127Z DEBUG @wdio/sync: Finished to run "afterTest" hook in 783ms
2022-02-22T23:25:25.145Z DEBUG @wdio/sync: Finished to run "afterSuite" hook in 0ms
2022-02-22T23:25:25.146Z INFO webdriver: COMMAND getLogTypes()
2022-02-22T23:25:25.146Z INFO webdriver: [GET] http://143.244.160.107:4445/wd/hub/session/cee417dc46370f959c1cc3bf6c78864d/se/log/types
2022-02-22T23:25:25.221Z INFO webdriver: RESULT [ 'browser', 'driver' ]
2022-02-22T23:25:25.222Z DEBUG @wdio/runner: Fetching logs for browser, driver
2022-02-22T23:25:25.222Z INFO webdriver: COMMAND getLogs("browser")
2022-02-22T23:25:25.222Z INFO webdriver: [POST] http://143.244.160.107:4445/wd/hub/session/cee417dc46370f959c1cc3bf6c78864d/se/log
2022-02-22T23:25:25.222Z INFO webdriver: DATA { type: 'browser' }
2022-02-22T23:25:25.223Z INFO webdriver: COMMAND getLogs("driver")
2022-02-22T23:25:25.223Z INFO webdriver: [POST] http://143.244.160.107:4445/wd/hub/session/cee417dc46370f959c1cc3bf6c78864d/se/log
2022-02-22T23:25:25.223Z INFO webdriver: DATA { type: 'driver' }
2022-02-22T23:25:25.302Z INFO webdriver: RESULT [
  {
    level: 'INFO',
    message: 'https://qa.tich.academy/denso/_nuxt/674bd6a.js 1:79363 "Download the Vue Devtools extension for a better development experience:\\nhttps://github.com/vuejs/vue-devtools"',
    source: 'console-api',
    timestamp: 1645571724570
  },
  {
    level: 'INFO',
    message: 'https://qa.tich.academy/denso/_nuxt/674bd6a.js 1:79565 "You are running Vue in development mode.\\nMake sure to turn on production mode when deploying for production.\\nSee more tips at https://vuejs.org/guide/deployment.html"',
    source: 'console-api',
    timestamp: 1645571724570
  },
  {
    level: 'INFO',
    message: 'https://qa.tich.academy/denso/_nuxt/674bd6a.js 1:79363 "Download the Vue Devtools extension for a better development experience:\\nhttps://github.com/vuejs/vue-devtools"',
    source: 'console-api',
    timestamp: 1645571728172
  },
  {
    level: 'INFO',
    message: 'https://qa.tich.academy/denso/_nuxt/674bd6a.js 1:79565 "You are running Vue in development mode.\\nMake sure to turn on production mode when deploying for production.\\nSee more tips at https://vuejs.org/guide/deployment.html"',
    source: 'console-api',
    timestamp: 1645571728172
  },
  {
    level: 'INFO',
    message: 'https://qa.tich.academy/denso/_nuxt/e51eeb8.js 1:1502812 "%cdenso-client:SessionChannelService %cjoinChannel() | Success joining web_lobby:704e55d5-eb72-48c3-a3c3-2ca8b53e6301:6f511cc0-62e1-4728-b17c-a279cd1e2d2d%c +0ms" "color: #CC00FF" "color: inherit" "color: #CC00FF"',
    source: 'console-api',
    timestamp: 1645571971479
  },
  {
    level: 'INFO',
    message: 'https://qa.tich.academy/denso/_nuxt/e51eeb8.js 1:1502812 "%cdenso-client:SessionChannelService %cjoinChannel() | Success joining board:6f511cc0-62e1-4728-b17c-a279cd1e2d2d%c +34ms" "color: #CC00FF" "color: inherit" "color: #CC00FF"',
    source: 'console-api',
    timestamp: 1645571971479
  },
  {
    level: 'INFO',
    message: 'https://qa.tich.academy/denso/_nuxt/e51eeb8.js 1:1502812 "%cdenso-client:SessionChannelService %cjoinChannel() | Success joining page:6f511cc0-62e1-4728-b17c-a279cd1e2d2d%c +1ms" "color: #CC00FF" "color: inherit" "color: #CC00FF"',
    source: 'console-api',
    timestamp: 1645571971479
  },
  {
    level: 'INFO',
    message: 'https://qa.tich.academy/denso/_nuxt/e51eeb8.js 1:1502812 "%cdenso-client:SessionChannelService %cconnect() | Connected to session a4114b7e-0c72-46e5-ab22-360ad8811ee6 channels%c +0ms" "color: #CC00FF" "color: inherit" "color: #CC00FF"',
    source: 'console-api',
    timestamp: 1645571971479
  },
  {
    level: 'DEBUG',
    message: 'https://qa.tich.academy/denso/_nuxt/e51eeb8.js 1:1502812 "%ckamaji-client:Client %cKamaji client v. 0.1.5 initialized%c +0ms" "color: #FF0000" "color: inherit" "color: #FF0000"',
    source: 'console-api',
    timestamp: 1645571971479
  },
  {
    level: 'DEBUG',
    message: 'https://qa.tich.academy/denso/_nuxt/e51eeb8.js 1:1502812 "%ckamaji-client:Client %cjoin() | Joining to a4114b7e-0c72-46e5-ab22-360ad8811ee6%c +2ms" "color: #FF0000" "color: inherit" "color: #FF0000"',
    source: 'console-api',
    timestamp: 1645571971479
  },
  {
    level: 'DEBUG',
    message: 'https://qa.tich.academy/denso/_nuxt/e51eeb8.js 1:1502812 "%ckamaji-client:ApiService %cgetRtpCapabilities() | [object Object]%c +0ms" "color: #33CCCC" "color: inherit" "color: #33CCCC"',
    source: 'console-api',
    timestamp: 1645571971479
  },
  {
    level: 'DEBUG',
    message: 'https://qa.tich.academy/denso/_nuxt/e51eeb8.js 1:1502812 "%ckamaji-client:RoomChannel %cconnect()%c +0ms" "color: #9933FF" "color: inherit" "color: #9933FF"',
    source: 'console-api',
    timestamp: 1645571971479
  },
  {
    level: 'DEBUG',
    message: 'https://qa.tich.academy/denso/_nuxt/e51eeb8.js 1:1502812 "%ckamaji-client:RoomChannel %cconnect() | Connected to wss://qa.tich.academy/kamaji/socket @room a4114b7e-0c72-46e5-ab22-360ad8811ee6%c +50ms" "color: #9933FF" "color: inherit" "color: #9933FF"',
    source: 'console-api',
    timestamp: 1645571971479
  },
  {
    level: 'DEBUG',
    message: 'https://qa.tich.academy/denso/_nuxt/e51eeb8.js 1:1502812 "%ckamaji-client:Client %cjoin() | ICE servers were configured%c +179ms" "color: #FF0000" "color: inherit" "color: #FF0000"',
    source: 'console-api',
    timestamp: 1645571971479
  },
  {
    level: 'DEBUG',
    message: 'https://qa.tich.academy/denso/_nuxt/e51eeb8.js 1:1502812 "%ckamaji-client:Client %csetClientConnection() | \\n sendTransport: bb7a8379-2596-478a-b55a-0072f77f7f1d \\n recvTransport: 0b94e537-eed7-4671-a685-f82de8f75321%c +4ms" "color: #FF0000" "color: inherit" "color: #FF0000"',
    source: 'console-api',
    timestamp: 1645571971479
  },
  {
    level: 'INFO',
    message: 'https://qa.tich.academy/denso/_nuxt/e51eeb8.js 1:1502812 "%cdenso-client:PresenceStore %csyncOnlineUsers() | Online users: ef616c69-7968-4b09-9551-3fb3e419b4cb,8f1434b4-2e2c-4041-84f3-bf60729e116f,704e55d5-eb72-48c3-a3c3-2ca8b53e6301,52fcd444-2e79-4cee-acc7-33cd479c7a95,0f48bca8-f207-488d-a49d-cadd59d70663%c +0ms" "color: #FF3399" "color: inherit" "color: #FF3399"',
    source: 'console-api',
    timestamp: 1645571971480
  },
  {
    level: 'DEBUG',
    message: 'https://qa.tich.academy/denso/_nuxt/e51eeb8.js 1:1502812 "%ckamaji-client:Client %conVolumes() | not found receiver connected to producer: 2c20d3dd-6edd-4694-9a25-e1fe7317a113%c +966ms" "color: #FF0000" "color: inherit" "color: #FF0000"',
    source: 'console-api',
    timestamp: 1645571971480
  },
  {
    level: 'DEBUG',
    message: 'https://qa.tich.academy/denso/_nuxt/e51eeb8.js 1:1502812 "%ckamaji-client:Client %conVolumes() | not found receiver connected to producer: 2c20d3dd-6edd-4694-9a25-e1fe7317a113%c +173ms" "color: #FF0000" "color: inherit" "color: #FF0000"',
    source: 'console-api',
    timestamp: 1645571971480
  },
  {
    level: 'DEBUG',
    message: 'https://qa.tich.academy/denso/_nuxt/e51eeb8.js 1:1502812 "%ckamaji-client:RoomChannel %cconnectTransport() | Peer: 52e5d2df-af65-4a56-99f0-d98d77ff2068 \\n Transport: 0b94e537-eed7-4671-a685-f82de8f75321%c +1s" "color: #9933FF" "color: inherit" "color: #9933FF"',
    source: 'console-api',
    timestamp: 1645571971480
  },
  {
    level: 'DEBUG',
    message: 'https://qa.tich.academy/denso/_nuxt/e51eeb8.js 1:1502812 "%ckamaji-client:Client %conConnectTransport() | transport connected: 0b94e537-eed7-4671-a685-f82de8f75321%c +77ms" "color: #FF0000" "color: inherit" "color: #FF0000"',
    source: 'console-api',
    timestamp: 1645571971480
  },
  {
    level: 'DEBUG',
    message: 'https://qa.tich.academy/denso/_nuxt/e51eeb8.js 1:1502812 "%ckamaji-client:RoomChannel %cresumeConsumer() | 52e5d2df-af65-4a56-99f0-d98d77ff2068:bcab3f10-42f4-4a43-9a43-ee6f41573613%c +21ms" "color: #9933FF" "color: inherit" "color: #9933FF"',
    source: 'console-api',
    timestamp: 1645571971480
  },
  {
    level: 'INFO',
    message: 'https://qa.tich.academy/denso/_nuxt/e51eeb8.js 1:1502812 "%cdenso-client:PresenceStore %csetUserReceiver() | User: 8f1434b4-2e2c-4041-84f3-bf60729e116f:bcab3f10-42f4-4a43-9a43-ee6f41573613:audio%c +1s" "color: #FF3399" "color: inherit" "color: #FF3399"',
    source: 'console-api',
    timestamp: 1645571971480
  },
  {
    level: 'DEBUG',
    message: 'https://qa.tich.academy/denso/_nuxt/e51eeb8.js 1:1502812 "%ckamaji-client:Client %ccreateReceiver() | receiver created bcab3f10-42f4-4a43-9a43-ee6f41573613%c +52ms" "color: #FF0000" "color: inherit" "color: #FF0000"',
    source: 'console-api',
    timestamp: 1645571971480
  },
  {
    level: 'WARNING',
    message: 'https://qa.tich.academy/denso/_nuxt/e51eeb8.js 1:1502812 "%cdenso-client:WARN:StreamPlayer %csetupStream() | Stream bcab3f10-42f4-4a43-9a43-ee6f41573613 will play muted%c +0ms" "color: #FF3366" "color: inherit" "color: #FF3366"',
    source: 'console-api',
    timestamp: 1645571971480
  },
  {
    level: 'DEBUG',
    message: 'https://qa.tich.academy/denso/_nuxt/e51eeb8.js 1:1502812 "%ckamaji-client:RoomChannel %cresumeConsumer() | 52e5d2df-af65-4a56-99f0-d98d77ff2068:2a0c3383-1fcd-4d4a-a6ef-3a6535e174f0%c +284ms" "color: #9933FF" "color: inherit" "color: #9933FF"',
    source: 'console-api',
    timestamp: 1645571971480
  },
  {
    level: 'DEBUG',
    message: 'https://qa.tich.academy/denso/_nuxt/e51eeb8.js 1:1502812 "%ckamaji-client:RoomChannel %cresumeConsumer() | 52e5d2df-af65-4a56-99f0-d98d77ff2068:9bc57d7f-d730-47a8-9483-26215f025e17%c +9ms" "color: #9933FF" "color: inherit" "color: #9933FF"',
    source: 'console-api',
    timestamp: 1645571971480
  },
  {
    level: 'INFO',
    message: 'https://qa.tich.academy/denso/_nuxt/e51eeb8.js 1:1502812 "%cdenso-client:PresenceStore %csetUserReceiver() | User: 52fcd444-2e79-4cee-acc7-33cd479c7a95:2a0c3383-1fcd-4d4a-a6ef-3a6535e174f0:audio%c +321ms" "color: #FF3399" "color: inherit" "color: #FF3399"',
    source: 'console-api',
    timestamp: 1645571971480
  },
  {
    level: 'DEBUG',
    message: 'https://qa.tich.academy/denso/_nuxt/e51eeb8.js 1:1502812 "%ckamaji-client:Client %ccreateReceiver() | receiver created 2a0c3383-1fcd-4d4a-a6ef-3a6535e174f0%c +325ms" "color: #FF0000" "color: inherit" "color: #FF0000"',
    source: 'console-api',
    timestamp: 1645571971480
  },
  {
    level: 'INFO',
    message: 'https://qa.tich.academy/denso/_nuxt/e51eeb8.js 1:1502812 "%cdenso-client:PresenceStore %csetUserReceiver() | User: 52fcd444-2e79-4cee-acc7-33cd479c7a95:9bc57d7f-d730-47a8-9483-26215f025e17:video%c +132ms" "color: #FF3399" "color: inherit" "color: #FF3399"',
    source: 'console-api',
    timestamp: 1645571971480
  },
  {
    level: 'DEBUG',
    message: 'https://qa.tich.academy/denso/_nuxt/e51eeb8.js 1:1502812 "%ckamaji-client:Client %ccreateReceiver() | receiver created 9bc57d7f-d730-47a8-9483-26215f025e17%c +127ms" "color: #FF0000" "color: inherit" "color: #FF0000"',
    source: 'console-api',
    timestamp: 1645571971480
  },
  {
    level: 'INFO',
    message: 'https://qa.tich.academy/denso/_nuxt/e51eeb8.js 1:1502812 "%cdenso-client:PresenceStore %csyncOnlineUsers() | Online users: ef616c69-7968-4b09-9551-3fb3e419b4cb,8f1434b4-2e2c-4041-84f3-bf60729e116f,704e55d5-eb72-48c3-a3c3-2ca8b53e6301,52fcd444-2e79-4cee-acc7-33cd479c7a95,0f48bca8-f207-488d-a49d-cadd59d70663,eb1acc54-715f-4933-87e6-5c99dadcf8b9%c +1s" "color: #FF3399" "color: inherit" "color: #FF3399"',
    source: 'console-api',
    timestamp: 1645571971480
  },
  {
    level: 'DEBUG',
    message: 'https://qa.tich.academy/denso/_nuxt/e51eeb8.js 1:1502812 "%ckamaji-client:Client %conNewPeer() | new peer 9f020492-b34d-44ea-bf0e-8a36396c3612%c +1s" "color: #FF0000" "color: inherit" "color: #FF0000"',
    source: 'console-api',
    timestamp: 1645571971480
  },
  {
    level: 'DEBUG',
    message: 'https://qa.tich.academy/denso/_nuxt/e51eeb8.js 1:1502812 "%ckamaji-client:Client %conProducerUpdate() | receiver notified%c +2m" "color: #FF0000" "color: inherit" "color: #FF0000"',
    source: 'console-api',
    timestamp: 1645571971480
  },
  {
    level: 'DEBUG',
    message: 'https://qa.tich.academy/denso/_nuxt/e51eeb8.js 1:1502812 "%ckamaji-client:Client %conProducerUpdate() | receiver notified%c +354ms" "color: #FF0000" "color: inherit" "color: #FF0000"',
    source: 'console-api',
    timestamp: 1645571971480
  },
  {
    level: 'DEBUG',
    message: 'https://qa.tich.academy/denso/_nuxt/e51eeb8.js 1:1502812 "%ckamaji-client:RoomChannel %cconsume() | d227173f-65f8-4670-9c21-56f373ef2e1f:ccbf4967-d615-470a-9ad8-072f0c5355f1%c +2m" "color: #9933FF" "color: inherit" "color: #9933FF"',
    source: 'console-api',
    timestamp: 1645571971480
  },
  {
    level: 'DEBUG',
    message: 'https://qa.tich.academy/denso/_nuxt/e51eeb8.js 1:1502812 "%ckamaji-client:RoomChannel %cresumeConsumer() | 52e5d2df-af65-4a56-99f0-d98d77ff2068:7ed860e5-b184-4bd4-81ee-b48d241ffe4a%c +43ms" "color: #9933FF" "color: inherit" "color: #9933FF"',
    source: 'console-api',
    timestamp: 1645571971480
  },
  {
    level: 'INFO',
    message: 'https://qa.tich.academy/denso/_nuxt/e51eeb8.js 1:1502812 "%cdenso-client:PresenceStore %csetUserReceiver() | User: 0f48bca8-f207-488d-a49d-cadd59d70663:7ed860e5-b184-4bd4-81ee-b48d241ffe4a:audio%c +2m" "color: #FF3399" "color: inherit" "color: #FF3399"',
    source: 'console-api',
    timestamp: 1645571971480
  },
  {
    level: 'DEBUG',
    message: 'https://qa.tich.academy/denso/_nuxt/e51eeb8.js 1:1502812 "%ckamaji-client:Client %ccreateReceiver() | receiver created 7ed860e5-b184-4bd4-81ee-b48d241ffe4a%c +9s" "color: #FF0000" "color: inherit" "color: #FF0000"',
    source: 'console-api',
    timestamp: 1645571971480
  },
  {
    level: 'DEBUG',
    message: 'https://qa.tich.academy/denso/_nuxt/e51eeb8.js 1:1502812 "%ckamaji-client:Client %conNewProducer() | receiver created%c +4ms" "color: #FF0000" "color: inherit" "color: #FF0000"',
    source: 'console-api',
    timestamp: 1645571971480
  },
  {
    level: 'DEBUG',
    message: 'https://qa.tich.academy/denso/_nuxt/e51eeb8.js 1:1502812 "%ckamaji-client:RoomChannel %cconsume() | d227173f-65f8-4670-9c21-56f373ef2e1f:bc37626c-5dae-4927-a0a4-be27677c1836%c +236ms" "color: #9933FF" "color: inherit" "color: #9933FF"',
    source: 'console-api',
    timestamp: 1645571971480
  },
  {
    level: 'DEBUG',
    message: 'https://qa.tich.academy/denso/_nuxt/e51eeb8.js 1:1502812 "%ckamaji-client:RoomChannel %cresumeConsumer() | 52e5d2df-af65-4a56-99f0-d98d77ff2068:2e68a2ad-7cf8-4196-8e6f-4a35bcef1a0d%c +42ms" "color: #9933FF" "color: inherit" "color: #9933FF"',
    source: 'console-api',
    timestamp: 1645571971480
  },
  {
    level: 'INFO',
    message: 'https://qa.tich.academy/denso/_nuxt/e51eeb8.js 1:1502812 "%cdenso-client:PresenceStore %csetUserReceiver() | User: 0f48bca8-f207-488d-a49d-cadd59d70663:2e68a2ad-7cf8-4196-8e6f-4a35bcef1a0d:video%c +274ms" "color: #FF3399" "color: inherit" "color: #FF3399"',
    source: 'console-api',
    timestamp: 1645571971480
  },
  {
    level: 'DEBUG',
    message: 'https://qa.tich.academy/denso/_nuxt/e51eeb8.js 1:1502812 "%ckamaji-client:Client %ccreateReceiver() | receiver created 2e68a2ad-7cf8-4196-8e6f-4a35bcef1a0d%c +271ms" "color: #FF0000" "color: inherit" "color: #FF0000"',
    source: 'console-api',
    timestamp: 1645571971480
  },
  {
    level: 'DEBUG',
    message: 'https://qa.tich.academy/denso/_nuxt/e51eeb8.js 1:1502812 "%ckamaji-client:Client %conNewProducer() | receiver created%c +30ms" "color: #FF0000" "color: inherit" "color: #FF0000"',
    source: 'console-api',
    timestamp: 1645571971480
  },
  {
    level: 'DEBUG',
    message: 'https://qa.tich.academy/denso/_nuxt/e51eeb8.js 1:1502812 "%ckamaji-client:Client %conProducerUpdate() | receiver notified%c +2m" "color: #FF0000" "color: inherit" "color: #FF0000"',
    source: 'console-api',
    timestamp: 1645571971481
  },
  {
    level: 'DEBUG',
    message: 'https://qa.tich.academy/denso/_nuxt/e51eeb8.js 1:1502812 "%ckamaji-client:Client %conProducerUpdate() | receiver notified%c +327ms" "color: #FF0000" "color: inherit" "color: #FF0000"',
    source: 'console-api',
    timestamp: 1645571971481
  },
  {
    level: 'DEBUG',
    message: 'https://qa.tich.academy/denso/_nuxt/e51eeb8.js 1:1502812 "%ckamaji-client:RoomChannel %cconnectTransport() | Peer: 52e5d2df-af65-4a56-99f0-d98d77ff2068 \\n Transport: bb7a8379-2596-478a-b55a-0072f77f7f1d%c +2m" "color: #9933FF" "color: inherit" "color: #9933FF"',
    source: 'console-api',
    timestamp: 1645571971712
  },
  {
    level: 'DEBUG',
    message: 'https://qa.tich.academy/denso/_nuxt/e51eeb8.js 1:1502812 "%ckamaji-client:Client %conConnectTransport() | transport connected: bb7a8379-2596-478a-b55a-0072f77f7f1d%c +12s" "color: #FF0000" "color: inherit" "color: #FF0000"',
    source: 'console-api',
    timestamp: 1645571971712
  },
  {
    level: 'DEBUG',
    message: 'https://qa.tich.academy/denso/_nuxt/e51eeb8.js 1:1502812 "%ckamaji-client:RoomChannel %cproduce() | 52e5d2df-af65-4a56-99f0-d98d77ff2068:audio%c +40ms" "color: #9933FF" "color: inherit" "color: #9933FF"',
    source: 'console-api',
    timestamp: 1645571971712
  },
  {
    level: 'DEBUG',
    message: 'https://qa.tich.academy/denso/_nuxt/e51eeb8.js 1:1502812 "%ckamaji-client:Client %conProduce() | producing audio:cc472b2c-df3e-4650-98b8-4b89b539c72b%c +39ms" "color: #FF0000" "color: inherit" "color: #FF0000"',
    source: 'console-api',
    timestamp: 1645571971712
  },
  {
    level: 'INFO',
    message: 'https://qa.tich.academy/denso/_nuxt/e51eeb8.js 1:1502812 "%cdenso-client:PresenceStore %csetUserReceiver() | User: 704e55d5-eb72-48c3-a3c3-2ca8b53e6301:cc472b2c-df3e-4650-98b8-4b89b539c72b:audio%c +2m" "color: #FF3399" "color: inherit" "color: #FF3399"',
    source: 'console-api',
    timestamp: 1645571971714
  },
  {
    level: 'DEBUG',
    message: 'https://qa.tich.academy/denso/_nuxt/e51eeb8.js 1:1502812 "%ckamaji-client:RoomChannel %cproduce() | 52e5d2df-af65-4a56-99f0-d98d77ff2068:video%c +282ms" "color: #9933FF" "color: inherit" "color: #9933FF"',
    source: 'console-api',
    timestamp: 1645572082061
  },
  {
    level: 'DEBUG',
    message: 'https://qa.tich.academy/denso/_nuxt/e51eeb8.js 1:1502812 "%ckamaji-client:Client %conProduce() | producing video:5d47785f-ea5a-4ce6-9fb7-da83063875ca%c +283ms" "color: #FF0000" "color: inherit" "color: #FF0000"',
    source: 'console-api',
    timestamp: 1645572082061
  },
  {
    level: 'INFO',
    message: 'https://qa.tich.academy/denso/_nuxt/e51eeb8.js 1:1502812 "%cdenso-client:PresenceStore %csetUserReceiver() | User: 704e55d5-eb72-48c3-a3c3-2ca8b53e6301:5d47785f-ea5a-4ce6-9fb7-da83063875ca:video%c +281ms" "color: #FF3399" "color: inherit" "color: #FF3399"',
    source: 'console-api',
    timestamp: 1645572082061
  },
  {
    level: 'DEBUG',
    message: 'https://qa.tich.academy/denso/_nuxt/e51eeb8.js 1:1502812 "%ckamaji-client:RoomChannel %cpauseProducer() | 52e5d2df-af65-4a56-99f0-d98d77ff2068:cc472b2c-df3e-4650-98b8-4b89b539c72b%c +2m" "color: #9933FF" "color: inherit" "color: #9933FF"',
    source: 'console-api',
    timestamp: 1645572082222
  },
  {
    level: 'DEBUG',
    message: 'https://qa.tich.academy/denso/_nuxt/e51eeb8.js 1:1502812 "%ckamaji-client:Client %conProducerUpdate() | producer not found%c +2m" "color: #FF0000" "color: inherit" "color: #FF0000"',
    source: 'console-api',
    timestamp: 1645572082304
  },
  {
    level: 'DEBUG',
    message: 'https://qa.tich.academy/denso/_nuxt/e51eeb8.js 1:1502812 "%ckamaji-client:RoomChannel %cpauseProducer() | 52e5d2df-af65-4a56-99f0-d98d77ff2068:5d47785f-ea5a-4ce6-9fb7-da83063875ca%c +328ms" "color: #9933FF" "color: inherit" "color: #9933FF"',
    source: 'console-api',
    timestamp: 1645572082554
  },
  {
    level: 'DEBUG',
    message: 'https://qa.tich.academy/denso/_nuxt/e51eeb8.js 1:1502812 "%ckamaji-client:Client %conProducerUpdate() | producer not found%c +344ms" "color: #FF0000" "color: inherit" "color: #FF0000"',
    source: 'console-api',
    timestamp: 1645572082686
  },
  {
    level: 'DEBUG',
    message: 'https://qa.tich.academy/denso/_nuxt/e51eeb8.js 1:1502812 "%ckamaji-client:RoomChannel %cconsume() | 9f020492-b34d-44ea-bf0e-8a36396c3612:13cd2b0c-d9ea-4ef2-85ea-50649ec357a1%c +12s" "color: #9933FF" "color: inherit" "color: #9933FF"',
    source: 'console-api',
    timestamp: 1645572142953
  },
  {
    level: 'DEBUG',
    message: 'https://qa.tich.academy/denso/_nuxt/e51eeb8.js 1:1502812 "%ckamaji-client:RoomChannel %cresumeConsumer() | 52e5d2df-af65-4a56-99f0-d98d77ff2068:4918a24d-c6b4-417d-b42d-51433b4d70eb%c +86ms" "color: #9933FF" "color: inherit" "color: #9933FF"',
    source: 'console-api',
    timestamp: 1645572142953
  },
  {
    level: 'INFO',
    message: 'https://qa.tich.academy/denso/_nuxt/e51eeb8.js 1:1502812 "%cdenso-client:PresenceStore %csetUserReceiver() | User: eb1acc54-715f-4933-87e6-5c99dadcf8b9:4918a24d-c6b4-417d-b42d-51433b4d70eb:audio%c +2m" "color: #FF3399" "color: inherit" "color: #FF3399"',
    source: 'console-api',
    timestamp: 1645572142953
  },
  {
    level: 'DEBUG',
    message: 'https://qa.tich.academy/denso/_nuxt/e51eeb8.js 1:1502812 "%ckamaji-client:Client %ccreateReceiver() | receiver created 4918a24d-c6b4-417d-b42d-51433b4d70eb%c +12s" "color: #FF0000" "color: inherit" "color: #FF0000"',
    source: 'console-api',
    timestamp: 1645572142953
  },
  {
    level: 'DEBUG',
    message: 'https://qa.tich.academy/denso/_nuxt/e51eeb8.js 1:1502812 "%ckamaji-client:Client %conNewProducer() | receiver created%c +3ms" "color: #FF0000" "color: inherit" "color: #FF0000"',
    source: 'console-api',
    timestamp: 1645572142953
  },
  {
    level: 'DEBUG',
    message: 'https://qa.tich.academy/denso/_nuxt/e51eeb8.js 1:1502812 "%ckamaji-client:RoomChannel %cconsume() | 9f020492-b34d-44ea-bf0e-8a36396c3612:29dd1011-044a-4596-8b44-b28c7ab4bf73%c +246ms" "color: #9933FF" "color: inherit" "color: #9933FF"',
    source: 'console-api',
    timestamp: 1645572142953
  },
  {
    level: 'DEBUG',
    message: 'https://qa.tich.academy/denso/_nuxt/e51eeb8.js 1:1502812 "%ckamaji-client:RoomChannel %cresumeConsumer() | 52e5d2df-af65-4a56-99f0-d98d77ff2068:8e4f6c7c-badc-46bb-af94-5a8496f8a7bd%c +49ms" "color: #9933FF" "color: inherit" "color: #9933FF"',
    source: 'console-api',
    timestamp: 1645572142953
  },
  {
    level: 'INFO',
    message: 'https://qa.tich.academy/denso/_nuxt/e51eeb8.js 1:1502812 "%cdenso-client:PresenceStore %csetUserReceiver() | User: eb1acc54-715f-4933-87e6-5c99dadcf8b9:8e4f6c7c-badc-46bb-af94-5a8496f8a7bd:video%c +302ms" "color: #FF3399" "color: inherit" "color: #FF3399"',
    source: 'console-api',
    timestamp: 1645572142953
  },
  {
    level: 'DEBUG',
    message: 'https://qa.tich.academy/denso/_nuxt/e51eeb8.js 1:1502812 "%ckamaji-client:Client %ccreateReceiver() | receiver created 8e4f6c7c-badc-46bb-af94-5a8496f8a7bd%c +305ms" "color: #FF0000" "color: inherit" "color: #FF0000"',
    source: 'console-api',
    timestamp: 1645572142953
  },
  {
    level: 'DEBUG',
    message: 'https://qa.tich.academy/denso/_nuxt/e51eeb8.js 1:1502812 "%ckamaji-client:Client %conNewProducer() | receiver created%c +11ms" "color: #FF0000" "color: inherit" "color: #FF0000"',
    source: 'console-api',
    timestamp: 1645572142953
  },
  {
    level: 'DEBUG',
    message: 'https://qa.tich.academy/denso/_nuxt/e51eeb8.js 1:1502812 "%ckamaji-client:Client %conProducerUpdate() | receiver notified%c +2m" "color: #FF0000" "color: inherit" "color: #FF0000"',
    source: 'console-api',
    timestamp: 1645572263466
  },
  {
    level: 'DEBUG',
    message: 'https://qa.tich.academy/denso/_nuxt/e51eeb8.js 1:1502812 "%ckamaji-client:Client %conProducerUpdate() | receiver notified%c +364ms" "color: #FF0000" "color: inherit" "color: #FF0000"',
    source: 'console-api',
    timestamp: 1645572263466
  },
  {
    level: 'INFO',
    message: 'https://qa.tich.academy/denso/_nuxt/e51eeb8.js 1:1502812 "%cdenso-client:PresenceStore %csyncOnlineUsers() | Online users: ef616c69-7968-4b09-9551-3fb3e419b4cb,8f1434b4-2e2c-4041-84f3-bf60729e116f,704e55d5-eb72-48c3-a3c3-2ca8b53e6301,52fcd444-2e79-4cee-acc7-33cd479c7a95,eb1acc54-715f-4933-87e6-5c99dadcf8b9%c +4m" "color: #FF3399" "color: inherit" "color: #FF3399"',
    source: 'console-api',
    timestamp: 1645572323725
  },
  {
    level: 'DEBUG',
    message: 'https://qa.tich.academy/denso/_nuxt/e51eeb8.js 1:1502812 "%ckamaji-client:Client %conPeerDisconnected() | disconnection from: d227173f-65f8-4670-9c21-56f373ef2e1f%c +2m" "color: #FF0000" "color: inherit" "color: #FF0000"',
    source: 'console-api',
    timestamp: 1645572323725
  },
  {
    level: 'WARNING',
    message: 'https://qa.tich.academy/denso/_nuxt/e51eeb8.js 1:1502812 "%cdenso-client:WARN:PresenceStore %ccloseUserStreams() | User 0f48bca8-f207-488d-a49d-cadd59d70663 is not related with peerId: d227173f-65f8-4670-9c21-56f373ef2e1f, ignoring stream close%c +0ms" "color: #CC00FF" "color: inherit" "color: #CC00FF"',
    source: 'console-api',
    timestamp: 1645572323725
  },
  {
    level: 'INFO',
    message: 'https://qa.tich.academy/denso/_nuxt/e51eeb8.js 1:1502812 "%cdenso-client:PresenceStore %csyncOnlineUsers() | Online users: ef616c69-7968-4b09-9551-3fb3e419b4cb,8f1434b4-2e2c-4041-84f3-bf60729e116f,704e55d5-eb72-48c3-a3c3-2ca8b53e6301,eb1acc54-715f-4933-87e6-5c99dadcf8b9%c +1s" "color: #FF3399" "color: inherit" "color: #FF3399"',
    source: 'console-api',
    timestamp: 1645572324783
  },
  {
    level: 'DEBUG',
    message: 'https://qa.tich.academy/denso/_nuxt/e51eeb8.js 1:1502812 "%ckamaji-client:Client %conPeerDisconnected() | disconnection from: d38e532d-177a-4718-8f3f-01c88ed3fa4d%c +1s" "color: #FF0000" "color: inherit" "color: #FF0000"',
    source: 'console-api',
    timestamp: 1645572324783
  },
  {
    level: 'WARNING',
    message: 'https://qa.tich.academy/denso/_nuxt/e51eeb8.js 1:1502812 "%cdenso-client:WARN:PresenceStore %ccloseUserStreams() | User 52fcd444-2e79-4cee-acc7-33cd479c7a95 is not related with peerId: d38e532d-177a-4718-8f3f-01c88ed3fa4d, ignoring stream close%c +1s" "color: #CC00FF" "color: inherit" "color: #CC00FF"',
    source: 'console-api',
    timestamp: 1645572324783
  }
]
2022-02-22T23:25:25.364Z INFO webdriver: RESULT []
2022-02-22T23:25:25.365Z INFO webdriver: COMMAND deleteSession()
2022-02-22T23:25:25.366Z INFO webdriver: [DELETE] http://143.244.160.107:4445/wd/hub/session/cee417dc46370f959c1cc3bf6c78864d
